2025-08-23 21:32:56,220 - INFO - Subscribed to 2 tokens via WebSocket.
2025-08-24 13:53:27,693 - INFO - SIM mode: skipping KiteTicker startup.
2025-08-24 14:01:04,877 - INFO - SIM mode: skipping KiteTicker startup.
2025-08-24 14:05:05,211 - INFO - SIM mode: skipping KiteTicker startup.
2025-08-24 14:09:00,479 - INFO - SIM mode: skipping KiteTicker startup.
2025-08-24 14:38:29,556 - INFO - SIM mode: skipping KiteTicker startup.
2025-08-24 14:41:29,563 - INFO - SIM mode: skipping KiteTicker startup.
2025-08-24 14:55:09,439 - INFO - SIM mode: skipping KiteTicker startup.
2025-08-24 14:59:21,911 - INFO - SIM mode: skipping KiteTicker startup.
2025-08-24 14:59:23,561 - INFO - [SIM] BUY 1 RELIANCE @ 0.0
2025-08-24 15:06:02,039 - INFO - SIM mode: skipping KiteTicker startup.
2025-08-24 15:06:07,851 - INFO - [SIM] BUY 1 RELIANCE @ 1409.20
2025-08-24 15:12:56,729 - INFO - SIM mode: skipping KiteTicker startup.
2025-08-24 15:13:00,384 - INFO - [SIM] BUY 1 RELIANCE @ 1409.20
2025-08-24 15:14:01,080 - INFO - SIM mode: skipping KiteTicker startup.
2025-08-24 15:14:02,975 - INFO - [SIM] BUY 1 RELIANCE @ 1409.20
2025-08-24 15:19:27,174 - INFO - SIM mode: skipping KiteTicker startup.
2025-08-24 15:19:29,640 - INFO - [SIM] BUY 1 RELIANCE @ 1409.20
2025-08-24 15:19:34,743 - INFO - [SIM] SELL 1 RELIANCE @ 1409.20
2025-08-24 15:25:58,695 - INFO - SIM mode: skipping KiteTicker startup.
2025-08-24 15:26:00,707 - INFO - [SIM] BUY 1 RELIANCE @ 1409.20
2025-08-24 15:26:05,809 - INFO - [SIM] SELL 1 RELIANCE @ 1409.20
2025-08-24 15:32:14,034 - INFO - SIM mode: skipping KiteTicker startup.
2025-08-24 15:32:15,297 - INFO - [SIM] BUY 1 RELIANCE @ 1409.20
2025-08-24 15:32:20,399 - INFO - [SIM] SELL 1 RELIANCE @ 1409.20
2025-08-24 15:38:11,730 - INFO - SIM mode: skipping KiteTicker startup.
2025-08-24 15:38:12,912 - INFO - [SIM] BUY 1 RELIANCE @ 1409.20
2025-08-24 15:38:18,015 - INFO - [SIM] SELL 1 RELIANCE @ 1409.20
2025-08-24 15:43:31,350 - INFO - SIM mode: skipping KiteTicker startup.
2025-08-24 15:43:33,428 - INFO - [SIM] BUY 1 RELIANCE @ 1409.20
2025-08-24 15:43:38,530 - INFO - [SIM] SELL 1 RELIANCE @ 1409.20
2025-08-24 15:47:11,910 - INFO - SIM mode: skipping KiteTicker startup.
2025-08-24 15:47:13,517 - INFO - [SIM] BUY 1 RELIANCE @ 1409.20
2025-08-24 15:47:18,618 - INFO - [SIM] SELL 1 RELIANCE @ 1409.20
2025-08-24 15:47:18,720 - INFO - [SIM] BUY 1 RELIANCE @ 1409.20
2025-08-24 15:47:23,822 - INFO - [SIM] SELL 1 RELIANCE @ 1409.20
2025-08-24 15:47:28,924 - INFO - [SIM] BUY 1 RELIANCE @ 1409.20
2025-08-24 15:47:34,026 - INFO - [SIM] SELL 1 RELIANCE @ 1409.20
2025-08-24 15:47:39,128 - INFO - [SIM] BUY 1 RELIANCE @ 1409.20
2025-08-24 15:47:44,230 - INFO - [SIM] SELL 1 RELIANCE @ 1409.20
2025-08-24 15:47:49,332 - INFO - [SIM] BUY 1 RELIANCE @ 1409.20
2025-08-24 15:47:54,434 - INFO - [SIM] SELL 1 RELIANCE @ 1409.20
2025-08-24 15:47:59,535 - INFO - [SIM] BUY 1 RELIANCE @ 1409.20
2025-08-24 15:48:04,637 - INFO - [SIM] SELL 1 RELIANCE @ 1409.20
2025-08-24 15:48:09,740 - INFO - [SIM] BUY 1 RELIANCE @ 1409.20
2025-08-24 15:48:14,842 - INFO - [SIM] SELL 1 RELIANCE @ 1409.20
2025-08-24 15:48:19,944 - INFO - [SIM] BUY 1 RELIANCE @ 1409.20
2025-08-24 15:48:25,046 - INFO - [SIM] SELL 1 RELIANCE @ 1409.20
2025-08-24 15:48:30,148 - INFO - [SIM] BUY 1 RELIANCE @ 1409.20
2025-08-24 15:48:35,251 - INFO - [SIM] SELL 1 RELIANCE @ 1409.20
2025-08-24 15:48:40,354 - INFO - [SIM] BUY 1 RELIANCE @ 1409.20
2025-08-24 15:48:45,456 - INFO - [SIM] SELL 1 RELIANCE @ 1409.20
2025-08-24 15:48:50,558 - INFO - [SIM] BUY 1 RELIANCE @ 1409.20
2025-08-24 15:48:55,660 - INFO - [SIM] SELL 1 RELIANCE @ 1409.20
2025-08-24 15:49:00,761 - INFO - [SIM] BUY 1 RELIANCE @ 1409.20
2025-08-24 15:49:05,863 - INFO - [SIM] SELL 1 RELIANCE @ 1409.20
2025-08-24 15:49:10,966 - INFO - [SIM] BUY 1 RELIANCE @ 1409.20
2025-08-24 15:49:16,069 - INFO - [SIM] SELL 1 RELIANCE @ 1409.20
2025-08-24 15:49:21,171 - INFO - [SIM] BUY 1 RELIANCE @ 1409.20
2025-08-24 15:49:26,273 - INFO - [SIM] SELL 1 RELIANCE @ 1409.20
2025-08-24 15:49:31,375 - INFO - [SIM] BUY 1 RELIANCE @ 1409.20
2025-08-24 15:50:12,052 - INFO - SIM mode: skipping KiteTicker startup.
2025-08-24 15:50:13,244 - INFO - [SIM] BUY 1 RELIANCE @ 1409.20
2025-08-24 15:50:18,347 - INFO - [SIM] SELL 1 RELIANCE @ 1409.20
2025-08-24 15:51:29,270 - INFO - SIM mode: skipping KiteTicker startup.
2025-08-24 15:51:30,577 - INFO - [SIM] BUY 1 RELIANCE @ 1409.20
2025-08-24 15:51:35,679 - INFO - [SIM] SELL 1 RELIANCE @ 1409.20
2025-08-24 15:56:14,294 - INFO - SIM mode: skipping KiteTicker startup.
2025-08-24 15:56:16,988 - INFO - [SIM] BUY 1 RELIANCE @ 1409.20
2025-08-24 15:56:22,091 - INFO - [SIM] SELL 1 RELIANCE @ 1409.20
2025-08-24 16:04:05,825 - INFO - SIM mode: skipping KiteTicker startup.
2025-08-24 16:04:07,528 - INFO - [SIM] BUY 1 RELIANCE @ 1409.20
2025-08-24 16:04:11,516 - INFO - [SIM] SELL 1 RELIANCE @ 1409.20
2025-08-24 16:13:36,700 - INFO - SIM mode: skipping KiteTicker startup.
2025-08-24 16:13:37,967 - INFO - [SIM] BUY 1 RELIANCE @ 1409.20
2025-08-24 16:13:42,409 - INFO - [SIM] SELL 1 RELIANCE @ 1409.20
2025-08-24 16:32:51,150 - INFO - SIM mode: skipping KiteTicker startup.
2025-08-24 16:33:07,692 - INFO - [SIM] BUY 1 RELIANCE @ 1409.20
2025-08-24 16:33:12,011 - INFO - [SIM] SELL 1 RELIANCE @ 1409.20
2025-08-24 16:36:58,463 - INFO - SIM mode: skipping KiteTicker startup.
2025-08-24 16:37:00,477 - INFO - [SIM] BUY 1 HDFCBANK @ 1964.60
2025-08-24 16:37:04,152 - INFO - [SIM] SELL 1 HDFCBANK @ 1964.60
2025-08-24 16:45:21,138 - INFO - SIM mode: skipping KiteTicker startup.
2025-08-24 16:46:10,641 - INFO - SIM mode: skipping KiteTicker startup.
2025-08-24 16:48:01,809 - INFO - SIM mode: skipping KiteTicker startup.
2025-08-24 16:48:04,916 - INFO - [SIM] BUY 1 NIFTY 50 @ 100.00
2025-08-24 16:48:07,036 - INFO - [SIM] SELL 1 NIFTY 50 @ 100.00
2025-08-24 16:48:57,119 - INFO - SIM mode: skipping KiteTicker startup.
2025-08-24 16:49:00,689 - INFO - [SIM] BUY 1 NIFTY 50 @ 100.00
2025-08-24 16:49:02,354 - INFO - [SIM] SELL 1 NIFTY 50 @ 100.00
2025-08-24 17:00:20,813 - INFO - SIM mode: skipping KiteTicker startup.
2025-08-24 17:00:22,338 - INFO - [SIM] BUY 1 NIFTY100ESGSECLDR @ 4197.80
2025-08-24 17:00:26,516 - INFO - [SIM] SELL 1 NIFTY100ESGSECLDR @ 4197.80
2025-08-24 17:11:57,562 - INFO - SIM mode: skipping KiteTicker startup.
2025-08-24 17:11:58,622 - INFO - [SIM] BUY 1 GOLDSTAR-SM @ 8.90
2025-08-24 17:12:02,847 - INFO - [SIM] SELL 1 GOLDSTAR-SM @ 8.90
2025-08-24 17:15:44,691 - INFO - SIM mode: skipping KiteTicker startup.
2025-08-24 17:17:35,978 - INFO - SIM mode: skipping KiteTicker startup.
2025-08-24 17:20:16,385 - INFO - SIM mode: skipping KiteTicker startup.
2025-08-24 17:24:22,475 - INFO - SIM mode: skipping KiteTicker startup.
2025-08-24 17:24:23,323 - INFO - [SIM] BUY 1 360ONE @ 1077.60
2025-08-24 17:24:27,697 - INFO - [SIM] SELL 1 360ONE @ 1077.60
2025-08-24 17:28:20,375 - INFO - SIM mode: skipping KiteTicker startup.
2025-08-24 17:29:15,559 - INFO - SIM mode: skipping KiteTicker startup.
2025-08-24 17:32:02,846 - INFO - SIM mode: skipping KiteTicker startup.
2025-08-24 17:35:05,571 - INFO - SIM mode: skipping KiteTicker startup.
2025-08-24 17:59:00,761 - INFO - SIM mode: skipping KiteTicker startup.
2025-08-24 17:59:04,810 - INFO - [SIM] BUY 1 360ONE @ 1077.60
2025-08-24 17:59:07,452 - INFO - [SIM] SELL 1 360ONE @ 1077.60
2025-08-24 17:59:49,530 - INFO - SIM mode: skipping KiteTicker startup.
2025-08-24 17:59:50,383 - INFO - [SIM] BUY 1 360ONE @ 1077.60
2025-08-24 17:59:54,746 - INFO - [SIM] SELL 1 360ONE @ 1077.60
2025-08-24 18:04:49,666 - INFO - SIM mode: skipping KiteTicker startup.
2025-08-24 18:06:58,067 - INFO - KiteTicker thread started.
2025-08-24 18:06:58,326 - WARNING - No instrument tokens supplied; ticker connected but not subscribed.
2025-08-24 18:09:05,134 - INFO - KiteTicker thread started.
2025-08-24 18:09:05,248 - WARNING - No instrument tokens supplied; ticker connected but not subscribed.
2025-08-24 18:10:01,710 - INFO - SIM mode: skipping KiteTicker startup.
2025-08-24 18:20:04,213 - INFO - SIM mode: skipping KiteTicker startup.
2025-08-24 18:20:06,935 - INFO - [SIM] BUY 484 ABB @ 5063.00
2025-08-24 18:20:07,154 - INFO - [SIM] BUY 612 AWL @ 258.40
2025-08-24 18:20:07,373 - INFO - [SIM] BUY 376 ADANIGREEN @ 957.20
2025-08-24 18:20:07,603 - INFO - [SIM] BUY 472 ABFRL @ 81.25
2025-08-24 18:20:08,345 - INFO - [SIM] BUY 447 ABREL @ 1796.30
2025-08-24 18:20:08,573 - INFO - [SIM] BUY 397 AFCONS @ 430.95
2025-08-24 18:20:08,849 - INFO - [SIM] BUY 397 AFFLE @ 1948.40
2025-08-24 18:20:09,100 - INFO - [SIM] BUY 513 ALKEM @ 5426.00
2025-08-24 18:20:09,331 - INFO - [SIM] BUY 440 ARE&M @ 987.75
2025-08-24 18:20:09,600 - INFO - [SIM] BUY 480 ANGELONE @ 2518.60
2025-08-24 18:20:09,883 - INFO - [SIM] BUY 585 ASAHIINDIA @ 882.85
2025-08-24 18:20:10,170 - INFO - [SIM] BUY 520 ASTRAZEN @ 8433.00
2025-08-24 18:20:10,526 - INFO - [SIM] BUY 481 ATUL @ 6497.50
2025-08-24 18:20:10,812 - INFO - [SIM] BUY 459 AIIL @ 2983.10
2025-08-24 18:20:11,351 - INFO - [SIM] BUY 489 BASF @ 4601.80
2025-08-24 18:20:11,746 - INFO - [SIM] BUY 578 BEML @ 4033.80
2025-08-24 18:20:12,077 - INFO - [SIM] BUY 445 BLS @ 368.15
2025-08-24 18:20:12,582 - INFO - [SIM] BUY 526 BAJAJ-AUTO @ 8679.50
2025-08-24 18:20:12,814 - INFO - [SIM] BUY 606 BANDHANBNK @ 173.23
2025-08-24 18:20:13,108 - INFO - [SIM] BUY 395 BANKBARODA @ 240.23
2025-08-24 18:20:13,401 - INFO - [SIM] BUY 508 BANKINDIA @ 115.46
2025-08-24 18:20:13,711 - INFO - [SIM] BUY 459 BATAINDIA @ 1104.80
2025-08-24 18:20:14,116 - INFO - [SIM] BUY 498 BEL @ 374.85
2025-08-24 18:20:14,410 - INFO - [SIM] BUY 425 BIOCON @ 359.50
2025-08-24 18:20:14,757 - INFO - [SIM] BUY 506 BBTC @ 1825.80
2025-08-24 18:20:15,103 - INFO - [SIM] BUY 463 CESC @ 166.81
2025-08-24 18:20:15,427 - INFO - [SIM] BUY 421 CGPOWER @ 679.85
2025-08-24 18:20:15,781 - INFO - [SIM] BUY 445 CANFINHOME @ 769.75
2025-08-24 18:20:16,105 - INFO - [SIM] BUY 471 CANBK @ 109.93
2025-08-24 18:20:16,660 - INFO - [SIM] BUY 532 CGCL @ 187.96
2025-08-24 18:20:16,779 - INFO - [SIM] SELL 484 ABB @ 5063.00
2025-08-24 18:20:16,884 - INFO - [SIM] SELL 612 AWL @ 258.40
2025-08-24 18:20:16,991 - INFO - [SIM] SELL 472 ABFRL @ 81.25
2025-08-24 18:20:17,117 - INFO - [SIM] SELL 397 AFFLE @ 1948.40
2025-08-24 18:20:17,228 - INFO - [SIM] SELL 513 ALKEM @ 5426.00
2025-08-24 18:20:17,332 - INFO - [SIM] SELL 440 ARE&M @ 987.75
2025-08-24 18:20:17,438 - INFO - [SIM] SELL 585 ASAHIINDIA @ 882.85
2025-08-24 18:20:17,541 - INFO - [SIM] SELL 481 ATUL @ 6497.50
2025-08-24 18:20:17,658 - INFO - [SIM] SELL 489 BASF @ 4601.80
2025-08-24 18:20:17,777 - INFO - [SIM] SELL 445 BLS @ 368.15
2025-08-24 18:20:17,890 - INFO - [SIM] SELL 606 BANDHANBNK @ 173.23
2025-08-24 18:20:18,003 - INFO - [SIM] SELL 395 BANKBARODA @ 240.23
2025-08-24 18:20:18,108 - INFO - [SIM] SELL 498 BEL @ 374.85
2025-08-24 18:20:18,211 - INFO - [SIM] SELL 506 BBTC @ 1825.80
2025-08-24 18:20:18,312 - INFO - [SIM] SELL 421 CGPOWER @ 679.85
2025-08-24 18:20:18,414 - INFO - [SIM] SELL 445 CANFINHOME @ 769.75
2025-08-24 18:20:18,515 - INFO - [SIM] SELL 532 CGCL @ 187.96
2025-08-24 18:20:18,765 - INFO - [SIM] BUY 466 3MINDIA @ 30550.00
2025-08-24 18:20:19,058 - INFO - [SIM] BUY 485 ACMESOLAR @ 290.80
2025-08-24 18:20:19,319 - INFO - [SIM] BUY 439 AIAENG @ 3107.70
2025-08-24 18:20:19,598 - INFO - [SIM] BUY 454 APLAPOLLO @ 1649.50
2025-08-24 18:20:19,832 - INFO - [SIM] BUY 495 ADANIENSOL @ 800.15
2025-08-24 18:20:20,068 - INFO - [SIM] BUY 499 ADANIPOWER @ 594.30
2025-08-24 18:20:20,312 - INFO - [SIM] BUY 476 ATGL @ 617.75
2025-08-24 18:20:20,565 - INFO - [SIM] BUY 427 ABCAPITAL @ 286.35
2025-08-24 18:20:20,806 - INFO - [SIM] BUY 587 AKUMS @ 480.05
2025-08-24 18:20:21,057 - INFO - [SIM] BUY 521 APLLTD @ 974.60
2025-08-24 18:20:21,277 - INFO - [SIM] BUY 510 ALIVUS @ 969.70
2025-08-24 18:20:21,380 - INFO - [SIM] BUY 482 ALKEM @ 5426.00
2025-08-24 18:20:21,654 - INFO - [SIM] BUY 538 ALOKINDS @ 18.19
2025-08-24 18:20:22,049 - INFO - [SIM] BUY 432 APOLLOHOSP @ 7922.50
2025-08-24 18:20:22,344 - INFO - [SIM] BUY 505 ASTERDM @ 602.50
2025-08-24 18:20:22,682 - INFO - [SIM] BUY 536 BSE @ 2332.80
2025-08-24 18:20:23,058 - INFO - [SIM] BUY 492 BAJFINANCE @ 894.50
2025-08-24 18:20:23,408 - INFO - [SIM] BUY 438 BALKRISIND @ 2396.10
2025-08-24 18:20:23,719 - INFO - [SIM] BUY 382 BERGEPAINT @ 527.00
2025-08-24 18:20:24,057 - INFO - [SIM] BUY 450 BHARATFORG @ 1123.00
2025-08-24 18:20:24,335 - INFO - [SIM] BUY 432 BHEL @ 218.59
2025-08-24 18:20:24,598 - INFO - [SIM] BUY 486 BHARTIARTL @ 1933.30
2025-08-24 18:20:24,829 - INFO - [SIM] BUY 446 BHARTIHEXA @ 1859.60
2025-08-24 18:20:25,100 - INFO - [SIM] BUY 514 BLUESTARCO @ 1920.00
2025-08-24 18:20:25,362 - INFO - [SIM] BUY 464 BRITANNIA @ 5545.50
2025-08-24 18:20:25,613 - INFO - [SIM] BUY 580 CCL @ 882.55
2025-08-24 18:20:25,714 - INFO - [SIM] SELL 376 ADANIGREEN @ 957.20
2025-08-24 18:20:25,816 - INFO - [SIM] SELL 447 ABREL @ 1796.30
2025-08-24 18:20:25,919 - INFO - [SIM] SELL 397 AFCONS @ 430.95
2025-08-24 18:20:26,021 - INFO - [SIM] SELL 480 ANGELONE @ 2518.60
2025-08-24 18:20:26,122 - INFO - [SIM] SELL 459 AIIL @ 2983.10
2025-08-24 18:20:26,224 - INFO - [SIM] SELL 578 BEML @ 4033.80
2025-08-24 18:20:26,326 - INFO - [SIM] SELL 508 BANKINDIA @ 115.46
2025-08-24 18:20:26,428 - INFO - [SIM] SELL 459 BATAINDIA @ 1104.80
2025-08-24 18:20:26,530 - INFO - [SIM] SELL 425 BIOCON @ 359.50
2025-08-24 18:20:26,632 - INFO - [SIM] SELL 463 CESC @ 166.81
2025-08-24 18:20:26,734 - INFO - [SIM] SELL 471 CANBK @ 109.93
2025-08-24 18:20:26,835 - INFO - [SIM] SELL 466 3MINDIA @ 30550.00
2025-08-24 18:20:26,937 - INFO - [SIM] SELL 485 ACMESOLAR @ 290.80
2025-08-24 18:20:27,039 - INFO - [SIM] SELL 439 AIAENG @ 3107.70
2025-08-24 18:20:27,141 - INFO - [SIM] SELL 454 APLAPOLLO @ 1649.50
2025-08-24 18:20:27,243 - INFO - [SIM] SELL 495 ADANIENSOL @ 800.15
2025-08-24 18:20:27,344 - INFO - [SIM] SELL 499 ADANIPOWER @ 594.30
2025-08-24 18:20:27,445 - INFO - [SIM] SELL 476 ATGL @ 617.75
2025-08-24 18:20:27,547 - INFO - [SIM] SELL 427 ABCAPITAL @ 286.35
2025-08-24 18:20:27,649 - INFO - [SIM] SELL 510 ALIVUS @ 969.70
2025-08-24 18:20:27,750 - INFO - [SIM] SELL 482 ALKEM @ 5426.00
2025-08-24 18:20:27,852 - INFO - [SIM] SELL 538 ALOKINDS @ 18.19
2025-08-24 18:20:27,954 - INFO - [SIM] SELL 432 APOLLOHOSP @ 7922.50
2025-08-24 18:20:28,060 - INFO - [SIM] SELL 505 ASTERDM @ 602.50
2025-08-24 18:20:28,178 - INFO - [SIM] SELL 438 BALKRISIND @ 2396.10
2025-08-24 18:20:28,291 - INFO - [SIM] SELL 382 BERGEPAINT @ 527.00
2025-08-24 18:20:28,397 - INFO - [SIM] SELL 450 BHARATFORG @ 1123.00
2025-08-24 18:20:28,505 - INFO - [SIM] SELL 486 BHARTIARTL @ 1933.30
2025-08-24 18:20:28,620 - INFO - [SIM] SELL 464 BRITANNIA @ 5545.50
2025-08-24 18:20:28,730 - INFO - [SIM] BUY 485 ABB @ 5063.00
2025-08-24 18:20:29,739 - INFO - [SIM] BUY 548 AARTIIND @ 382.30
2025-08-24 18:20:30,086 - INFO - [SIM] BUY 551 AAVAS @ 1650.00
2025-08-24 18:20:30,360 - INFO - [SIM] BUY 528 ADANIPORTS @ 1341.20
2025-08-24 18:20:30,462 - INFO - [SIM] BUY 452 ADANIPOWER @ 594.30
2025-08-24 18:20:30,564 - INFO - [SIM] BUY 477 ATGL @ 617.75
2025-08-24 18:20:30,806 - INFO - [SIM] BUY 430 ABSLAMC @ 882.20
2025-08-24 18:20:31,087 - INFO - [SIM] BUY 454 AJANTPHARM @ 2638.50
2025-08-24 18:20:31,382 - INFO - [SIM] BUY 429 AMBUJACEM @ 577.15
2025-08-24 18:20:31,750 - INFO - [SIM] BUY 599 ANANTRAJ @ 547.10
2025-08-24 18:20:31,852 - INFO - [SIM] BUY 494 ASTERDM @ 602.50
2025-08-24 18:20:32,114 - INFO - [SIM] BUY 459 ASTRAL @ 1425.10
2025-08-24 18:20:32,215 - INFO - [SIM] BUY 561 AIIL @ 2983.10
2025-08-24 18:20:32,493 - INFO - [SIM] BUY 467 AXISBANK @ 1070.90
2025-08-24 18:20:32,595 - INFO - [SIM] BUY 500 BASF @ 4601.80
2025-08-24 18:20:32,865 - INFO - [SIM] BUY 395 BAJAJHFL @ 112.93
2025-08-24 18:20:32,967 - INFO - [SIM] BUY 568 BANKINDIA @ 115.46
2025-08-24 18:20:33,069 - INFO - [SIM] BUY 488 BERGEPAINT @ 527.00
2025-08-24 18:20:33,170 - INFO - [SIM] BUY 425 BHARATFORG @ 1123.00
2025-08-24 18:20:33,677 - INFO - [SIM] BUY 431 BPCL @ 316.45
2025-08-24 18:20:33,804 - INFO - [SIM] BUY 442 BIOCON @ 359.50
2025-08-24 18:20:34,144 - INFO - [SIM] BUY 436 BSOFT @ 375.40
2025-08-24 18:20:34,454 - INFO - [SIM] BUY 499 FIRSTCRY @ 383.80
2025-08-24 18:20:34,564 - INFO - [SIM] BUY 508 CESC @ 166.81
2025-08-24 18:20:34,669 - INFO - [SIM] BUY 484 CGPOWER @ 679.85
2025-08-24 18:20:35,323 - INFO - [SIM] BUY 542 CRISIL @ 5313.00
2025-08-24 18:20:35,457 - INFO - [SIM] BUY 420 CANBK @ 109.93
2025-08-24 18:20:35,572 - INFO - [SIM] BUY 446 CGCL @ 187.96
2025-08-24 18:20:35,673 - INFO - [SIM] SELL 521 APLLTD @ 974.60
2025-08-24 18:20:35,775 - INFO - [SIM] SELL 492 BAJFINANCE @ 894.50
2025-08-24 18:20:35,877 - INFO - [SIM] SELL 432 BHEL @ 218.59
2025-08-24 18:20:35,979 - INFO - [SIM] SELL 446 BHARTIHEXA @ 1859.60
2025-08-24 18:20:36,080 - INFO - [SIM] SELL 514 BLUESTARCO @ 1920.00
2025-08-24 18:20:36,181 - INFO - [SIM] SELL 485 ABB @ 5063.00
2025-08-24 18:20:36,282 - INFO - [SIM] SELL 551 AAVAS @ 1650.00
2025-08-24 18:20:36,384 - INFO - [SIM] SELL 528 ADANIPORTS @ 1341.20
2025-08-24 18:20:36,486 - INFO - [SIM] SELL 452 ADANIPOWER @ 594.30
2025-08-24 18:20:36,588 - INFO - [SIM] SELL 477 ATGL @ 617.75
2025-08-24 18:20:36,690 - INFO - [SIM] SELL 430 ABSLAMC @ 882.20
2025-08-24 18:20:36,792 - INFO - [SIM] SELL 454 AJANTPHARM @ 2638.50
2025-08-24 18:20:36,894 - INFO - [SIM] SELL 429 AMBUJACEM @ 577.15
2025-08-24 18:20:36,995 - INFO - [SIM] SELL 599 ANANTRAJ @ 547.10
2025-08-24 18:20:37,096 - INFO - [SIM] SELL 494 ASTERDM @ 602.50
2025-08-24 18:20:37,198 - INFO - [SIM] SELL 561 AIIL @ 2983.10
2025-08-24 18:20:37,300 - INFO - [SIM] SELL 395 BAJAJHFL @ 112.93
2025-08-24 18:20:37,402 - INFO - [SIM] SELL 425 BHARATFORG @ 1123.00
2025-08-24 18:20:37,504 - INFO - [SIM] SELL 499 FIRSTCRY @ 383.80
2025-08-24 18:20:37,605 - INFO - [SIM] SELL 508 CESC @ 166.81
2025-08-24 18:20:37,707 - INFO - [SIM] SELL 484 CGPOWER @ 679.85
2025-08-24 18:20:37,809 - INFO - [SIM] SELL 542 CRISIL @ 5313.00
2025-08-24 18:20:37,911 - INFO - [SIM] SELL 420 CANBK @ 109.93
2025-08-24 18:20:38,014 - INFO - [SIM] SELL 446 CGCL @ 187.96
2025-08-24 18:20:38,546 - INFO - [SIM] BUY 402 AEGISLOG @ 735.05
2025-08-24 18:20:38,647 - INFO - [SIM] BUY 538 AFFLE @ 1948.40
2025-08-24 18:20:39,290 - INFO - [SIM] BUY 526 ANANDRATHI @ 2806.20
2025-08-24 18:20:39,392 - INFO - [SIM] BUY 487 ANGELONE @ 2518.60
2025-08-24 18:20:39,493 - INFO - [SIM] BUY 650 ATUL @ 6497.50
2025-08-24 18:20:40,321 - INFO - [SIM] BUY 459 BAJAJHLDNG @ 13545.00
2025-08-24 18:20:40,424 - INFO - [SIM] BUY 521 BAJAJHFL @ 112.93
2025-08-24 18:20:40,532 - INFO - [SIM] BUY 447 BANKBARODA @ 240.23
2025-08-24 18:20:42,589 - INFO - [SIM] BUY 660 MAHABANK @ 54.80
2025-08-24 18:20:42,983 - INFO - [SIM] BUY 377 BDL @ 1517.60
2025-08-24 18:20:43,084 - INFO - [SIM] BUY 531 BHARTIHEXA @ 1859.60
2025-08-24 18:20:44,224 - INFO - [SIM] BUY 490 BIKAJI @ 770.15
2025-08-24 18:20:44,327 - INFO - [SIM] BUY 519 BLUESTARCO @ 1920.00
2025-08-24 18:20:44,428 - INFO - [SIM] BUY 455 BBTC @ 1825.80
2025-08-24 18:20:46,511 - INFO - [SIM] BUY 513 BOSCHLTD @ 39325.00
2025-08-24 18:20:47,304 - INFO - [SIM] BUY 602 MAPMYINDIA @ 1729.60
2025-08-24 18:20:47,405 - INFO - [SIM] BUY 409 CGPOWER @ 679.85
2025-08-24 18:20:48,214 - INFO - [SIM] BUY 495 CAMPUS @ 266.70
2025-08-24 18:20:48,315 - INFO - [SIM] BUY 601 CGCL @ 187.96
2025-08-24 18:20:48,416 - INFO - [SIM] SELL 520 ASTRAZEN @ 8433.00
2025-08-24 18:20:48,519 - INFO - [SIM] SELL 526 BAJAJ-AUTO @ 8679.50
2025-08-24 18:20:48,621 - INFO - [SIM] SELL 587 AKUMS @ 480.05
2025-08-24 18:20:48,722 - INFO - [SIM] SELL 536 BSE @ 2332.80
2025-08-24 18:20:48,824 - INFO - [SIM] SELL 459 ASTRAL @ 1425.10
2025-08-24 18:20:48,926 - INFO - [SIM] SELL 467 AXISBANK @ 1070.90
2025-08-24 18:20:49,028 - INFO - [SIM] SELL 500 BASF @ 4601.80
2025-08-24 18:20:49,130 - INFO - [SIM] SELL 568 BANKINDIA @ 115.46
2025-08-24 18:20:49,232 - INFO - [SIM] SELL 488 BERGEPAINT @ 527.00
2025-08-24 18:20:49,334 - INFO - [SIM] SELL 442 BIOCON @ 359.50
2025-08-24 18:20:49,437 - INFO - [SIM] SELL 538 AFFLE @ 1948.40
2025-08-24 18:20:49,539 - INFO - [SIM] SELL 526 ANANDRATHI @ 2806.20
2025-08-24 18:20:49,640 - INFO - [SIM] SELL 487 ANGELONE @ 2518.60
2025-08-24 18:20:49,740 - INFO - [SIM] SELL 650 ATUL @ 6497.50
2025-08-24 18:20:49,842 - INFO - [SIM] SELL 459 BAJAJHLDNG @ 13545.00
2025-08-24 18:20:49,943 - INFO - [SIM] SELL 660 MAHABANK @ 54.80
2025-08-24 18:20:50,045 - INFO - [SIM] SELL 377 BDL @ 1517.60
2025-08-24 18:20:50,146 - INFO - [SIM] SELL 455 BBTC @ 1825.80
2025-08-24 18:20:50,247 - INFO - [SIM] SELL 513 BOSCHLTD @ 39325.00
2025-08-24 18:20:50,349 - INFO - [SIM] SELL 409 CGPOWER @ 679.85
2025-08-24 18:20:50,450 - INFO - [SIM] SELL 601 CGCL @ 187.96
2025-08-24 18:20:50,552 - INFO - [SIM] BUY 371 3MINDIA @ 30550.00
2025-08-24 18:20:50,901 - INFO - [SIM] BUY 430 ACC @ 1821.10
2025-08-24 18:20:51,003 - INFO - [SIM] BUY 695 ADANIGREEN @ 957.20
2025-08-24 18:20:51,104 - INFO - [SIM] BUY 518 ADANIPORTS @ 1341.20
2025-08-24 18:20:51,205 - INFO - [SIM] BUY 504 ABCAPITAL @ 286.35
2025-08-24 18:20:51,309 - INFO - [SIM] BUY 588 AFCONS @ 430.95
2025-08-24 18:20:51,415 - INFO - [SIM] BUY 508 AJANTPHARM @ 2638.50
2025-08-24 18:20:51,516 - INFO - [SIM] BUY 484 AKUMS @ 480.05
2025-08-24 18:20:51,629 - INFO - [SIM] BUY 406 APOLLOHOSP @ 7922.50
2025-08-24 18:20:51,735 - INFO - [SIM] BUY 456 ASTERDM @ 602.50
2025-08-24 18:20:51,840 - INFO - [SIM] BUY 475 ASTRAL @ 1425.10
2025-08-24 18:20:51,962 - INFO - [SIM] BUY 462 BLS @ 368.15
2025-08-24 18:20:52,069 - INFO - [SIM] BUY 539 BAJAJHLDNG @ 13545.00
2025-08-24 18:20:52,179 - INFO - [SIM] BUY 518 MAHABANK @ 54.80
2025-08-24 18:20:52,292 - INFO - [SIM] BUY 501 BHEL @ 218.59
2025-08-24 18:20:52,397 - INFO - [SIM] BUY 459 CRISIL @ 5313.00
2025-08-24 18:20:52,509 - INFO - [SIM] BUY 484 CGCL @ 187.96
2025-08-24 18:20:52,627 - INFO - [SIM] SELL 580 CCL @ 882.55
2025-08-24 18:20:52,739 - INFO - [SIM] SELL 431 BPCL @ 316.45
2025-08-24 18:20:52,846 - INFO - [SIM] SELL 436 BSOFT @ 375.40
2025-08-24 18:20:52,965 - INFO - [SIM] SELL 521 BAJAJHFL @ 112.93
2025-08-24 18:20:53,078 - INFO - [SIM] SELL 447 BANKBARODA @ 240.23
2025-08-24 18:20:53,215 - INFO - [SIM] SELL 531 BHARTIHEXA @ 1859.60
2025-08-24 18:20:53,320 - INFO - [SIM] SELL 490 BIKAJI @ 770.15
2025-08-24 18:20:53,422 - INFO - [SIM] SELL 519 BLUESTARCO @ 1920.00
2025-08-24 18:20:53,524 - INFO - [SIM] SELL 602 MAPMYINDIA @ 1729.60
2025-08-24 18:20:53,625 - INFO - [SIM] SELL 695 ADANIGREEN @ 957.20
2025-08-24 18:20:53,727 - INFO - [SIM] SELL 518 ADANIPORTS @ 1341.20
2025-08-24 18:20:53,829 - INFO - [SIM] SELL 504 ABCAPITAL @ 286.35
2025-08-24 18:20:53,930 - INFO - [SIM] SELL 406 APOLLOHOSP @ 7922.50
2025-08-24 18:20:54,031 - INFO - [SIM] SELL 456 ASTERDM @ 602.50
2025-08-24 18:20:54,133 - INFO - [SIM] SELL 475 ASTRAL @ 1425.10
2025-08-24 18:20:54,234 - INFO - [SIM] SELL 539 BAJAJHLDNG @ 13545.00
2025-08-24 18:20:54,335 - INFO - [SIM] SELL 501 BHEL @ 218.59
2025-08-24 18:20:54,436 - INFO - [SIM] SELL 459 CRISIL @ 5313.00
2025-08-24 18:20:54,537 - INFO - [SIM] SELL 484 CGCL @ 187.96
2025-08-24 18:20:54,639 - INFO - [SIM] BUY 470 ABB @ 5063.00
2025-08-24 18:20:54,740 - INFO - [SIM] BUY 469 AIAENG @ 3107.70
2025-08-24 18:20:57,044 - INFO - [SIM] BUY 421 ADANIENT @ 2324.90
2025-08-24 18:20:57,146 - INFO - [SIM] BUY 432 ABREL @ 1796.30
2025-08-24 18:20:57,281 - INFO - [SIM] BUY 439 ALKEM @ 5426.00
2025-08-24 18:20:57,388 - INFO - [SIM] BUY 569 ASAHIINDIA @ 882.85
2025-08-24 18:20:57,813 - INFO - [SIM] BUY 464 ASHOKLEY @ 131.20
2025-08-24 18:20:57,919 - INFO - [SIM] BUY 506 ASTERDM @ 602.50
2025-08-24 18:20:58,025 - INFO - [SIM] BUY 523 AIIL @ 2983.10
2025-08-24 18:20:58,130 - INFO - [SIM] BUY 556 BSE @ 2332.80
2025-08-24 18:20:59,951 - INFO - [SIM] BUY 510 BAJAJFINSV @ 1965.90
2025-08-24 18:21:00,052 - INFO - [SIM] BUY 498 BALKRISIND @ 2396.10
2025-08-24 18:21:00,154 - INFO - [SIM] BUY 478 BATAINDIA @ 1104.80
2025-08-24 18:21:00,256 - INFO - [SIM] BUY 446 BHEL @ 218.59
2025-08-24 18:21:00,358 - INFO - [SIM] BUY 503 BHARTIHEXA @ 1859.60
2025-08-24 18:21:00,460 - INFO - [SIM] BUY 496 BOSCHLTD @ 39325.00
2025-08-24 18:21:00,563 - INFO - [SIM] BUY 561 CCL @ 882.55
2025-08-24 18:21:00,665 - INFO - [SIM] SELL 548 AARTIIND @ 382.30
2025-08-24 18:21:00,766 - INFO - [SIM] SELL 402 AEGISLOG @ 735.05
2025-08-24 18:21:00,868 - INFO - [SIM] SELL 495 CAMPUS @ 266.70
2025-08-24 18:21:00,969 - INFO - [SIM] SELL 371 3MINDIA @ 30550.00
2025-08-24 18:21:01,071 - INFO - [SIM] SELL 430 ACC @ 1821.10
2025-08-24 18:21:01,173 - INFO - [SIM] SELL 588 AFCONS @ 430.95
2025-08-24 18:21:01,275 - INFO - [SIM] SELL 508 AJANTPHARM @ 2638.50
2025-08-24 18:21:01,377 - INFO - [SIM] SELL 484 AKUMS @ 480.05
2025-08-24 18:21:01,480 - INFO - [SIM] SELL 518 MAHABANK @ 54.80
2025-08-24 18:21:01,582 - INFO - [SIM] SELL 470 ABB @ 5063.00
2025-08-24 18:21:01,684 - INFO - [SIM] SELL 469 AIAENG @ 3107.70
2025-08-24 18:21:01,787 - INFO - [SIM] SELL 421 ADANIENT @ 2324.90
2025-08-24 18:21:01,889 - INFO - [SIM] SELL 439 ALKEM @ 5426.00
2025-08-24 18:21:01,991 - INFO - [SIM] SELL 464 ASHOKLEY @ 131.20
2025-08-24 18:21:02,099 - INFO - [SIM] SELL 506 ASTERDM @ 602.50
2025-08-24 18:21:02,200 - INFO - [SIM] SELL 523 AIIL @ 2983.10
2025-08-24 18:21:02,302 - INFO - [SIM] SELL 498 BALKRISIND @ 2396.10
2025-08-24 18:21:02,404 - INFO - [SIM] SELL 478 BATAINDIA @ 1104.80
2025-08-24 18:21:02,509 - INFO - [SIM] SELL 446 BHEL @ 218.59
2025-08-24 18:21:02,610 - INFO - [SIM] SELL 503 BHARTIHEXA @ 1859.60
2025-08-24 18:21:02,711 - INFO - [SIM] SELL 561 CCL @ 882.55
2025-08-24 18:21:02,813 - INFO - [SIM] BUY 642 AIAENG @ 3107.70
2025-08-24 18:21:02,914 - INFO - [SIM] BUY 623 AAVAS @ 1650.00
2025-08-24 18:21:04,665 - INFO - [SIM] BUY 502 ABBOTINDIA @ 31875.00
2025-08-24 18:21:04,782 - INFO - [SIM] BUY 531 ADANIPOWER @ 594.30
2025-08-24 18:21:04,883 - INFO - [SIM] BUY 427 ABCAPITAL @ 286.35
2025-08-24 18:21:04,985 - INFO - [SIM] BUY 590 ABFRL @ 81.25
2025-08-24 18:21:05,087 - INFO - [SIM] BUY 493 ABSLAMC @ 882.20
2025-08-24 18:21:05,189 - INFO - [SIM] BUY 565 AEGISLOG @ 735.05
2025-08-24 18:21:05,291 - INFO - [SIM] BUY 560 AFFLE @ 1948.40
2025-08-24 18:21:05,393 - INFO - [SIM] BUY 485 AMBUJACEM @ 577.15
2025-08-24 18:21:05,495 - INFO - [SIM] BUY 388 ANANDRATHI @ 2806.20
2025-08-24 18:21:05,597 - INFO - [SIM] BUY 365 ANGELONE @ 2518.60
2025-08-24 18:21:05,699 - INFO - [SIM] BUY 570 APOLLOHOSP @ 7922.50
2025-08-24 18:21:06,933 - INFO - [SIM] BUY 414 DMART @ 4698.80
2025-08-24 18:21:07,035 - INFO - [SIM] BUY 473 AXISBANK @ 1070.90
2025-08-24 18:21:07,137 - INFO - [SIM] BUY 550 BAJFINANCE @ 894.50
2025-08-24 18:21:07,457 - INFO - [SIM] BUY 468 BALRAMCHIN @ 584.85
2025-08-24 18:21:07,558 - INFO - [SIM] BUY 422 BANKBARODA @ 240.23
2025-08-24 18:21:07,659 - INFO - [SIM] BUY 578 BHEL @ 218.59
2025-08-24 18:21:07,761 - INFO - [SIM] BUY 485 BIKAJI @ 770.15
2025-08-24 18:21:07,863 - INFO - [SIM] BUY 405 BIOCON @ 359.50
2025-08-24 18:21:07,965 - INFO - [SIM] SELL 432 ABREL @ 1796.30
2025-08-24 18:21:08,068 - INFO - [SIM] SELL 569 ASAHIINDIA @ 882.85
2025-08-24 18:21:08,170 - INFO - [SIM] SELL 556 BSE @ 2332.80
2025-08-24 18:21:08,272 - INFO - [SIM] SELL 510 BAJAJFINSV @ 1965.90
2025-08-24 18:21:08,374 - INFO - [SIM] SELL 642 AIAENG @ 3107.70
2025-08-24 18:21:08,476 - INFO - [SIM] SELL 623 AAVAS @ 1650.00
2025-08-24 18:21:08,578 - INFO - [SIM] SELL 502 ABBOTINDIA @ 31875.00
2025-08-24 18:21:08,680 - INFO - [SIM] SELL 427 ABCAPITAL @ 286.35
2025-08-24 18:21:08,788 - INFO - [SIM] SELL 485 AMBUJACEM @ 577.15
2025-08-24 18:21:08,930 - INFO - [SIM] SELL 365 ANGELONE @ 2518.60
2025-08-24 18:21:09,049 - INFO - [SIM] SELL 414 DMART @ 4698.80
2025-08-24 18:21:09,163 - INFO - [SIM] SELL 473 AXISBANK @ 1070.90
2025-08-24 18:21:09,274 - INFO - [SIM] SELL 422 BANKBARODA @ 240.23
2025-08-24 18:21:09,382 - INFO - [SIM] SELL 578 BHEL @ 218.59
2025-08-24 18:21:09,508 - INFO - [SIM] SELL 485 BIKAJI @ 770.15
2025-08-24 18:21:09,624 - INFO - [SIM] SELL 405 BIOCON @ 359.50
2025-08-24 18:21:19,764 - INFO - [SIM] BUY 422 360ONE @ 100.00
2025-08-24 18:21:19,869 - INFO - [SIM] BUY 436 AFCONS @ 430.95
2025-08-24 18:21:19,975 - INFO - [SIM] BUY 489 ALOKINDS @ 18.19
2025-08-24 18:21:22,558 - INFO - [SIM] BUY 446 AMBER @ 7260.50
2025-08-24 18:21:22,664 - INFO - [SIM] BUY 476 BAJAJ-AUTO @ 8679.50
2025-08-24 18:21:22,794 - INFO - [SIM] BUY 428 BAJAJHFL @ 112.93
2025-08-24 18:21:22,915 - INFO - [SIM] BUY 556 BANKINDIA @ 115.46
2025-08-24 18:21:23,017 - INFO - [SIM] BUY 367 BATAINDIA @ 1104.80
2025-08-24 18:21:24,532 - INFO - [SIM] BUY 496 BAYERCROP @ 5519.00
2025-08-24 18:21:24,644 - INFO - [SIM] BUY 459 BIKAJI @ 770.15
2025-08-24 18:21:24,761 - INFO - [SIM] BUY 445 BIOCON @ 359.50
2025-08-24 18:21:24,884 - INFO - [SIM] BUY 414 FIRSTCRY @ 383.80
2025-08-24 18:21:24,992 - INFO - [SIM] BUY 455 MAPMYINDIA @ 1729.60
2025-08-24 18:21:25,275 - INFO - [SIM] BUY 435 CAPLIPOINT @ 2168.10
2025-08-24 18:21:25,383 - INFO - [SIM] SELL 462 BLS @ 368.15
2025-08-24 18:21:25,490 - INFO - [SIM] SELL 496 BOSCHLTD @ 39325.00
2025-08-24 18:21:25,597 - INFO - [SIM] SELL 590 ABFRL @ 81.25
2025-08-24 18:21:25,707 - INFO - [SIM] SELL 493 ABSLAMC @ 882.20
2025-08-24 18:21:25,817 - INFO - [SIM] SELL 565 AEGISLOG @ 735.05
2025-08-24 18:21:25,926 - INFO - [SIM] SELL 560 AFFLE @ 1948.40
2025-08-24 18:21:26,034 - INFO - [SIM] SELL 388 ANANDRATHI @ 2806.20
2025-08-24 18:21:26,143 - INFO - [SIM] SELL 570 APOLLOHOSP @ 7922.50
2025-08-24 18:21:26,255 - INFO - [SIM] SELL 422 360ONE @ 100.00
2025-08-24 18:21:26,361 - INFO - [SIM] SELL 472 ACMESOLAR @ 290.80
2025-08-24 18:21:26,484 - INFO - [SIM] SELL 507 APLAPOLLO @ 1649.50
2025-08-24 18:21:26,884 - INFO - [SIM] SELL 411 ACE @ 985.40
2025-08-24 18:21:26,990 - INFO - [SIM] SELL 438 ADANIGREEN @ 957.20
2025-08-24 18:21:27,098 - INFO - [SIM] SELL 489 ALOKINDS @ 18.19
2025-08-24 18:21:27,381 - INFO - [SIM] SELL 495 APOLLOTYRE @ 465.75
2025-08-24 18:21:27,491 - INFO - [SIM] SELL 417 ASTRAL @ 1425.10
2025-08-24 18:21:27,595 - INFO - [SIM] SELL 529 BSE @ 2332.80
2025-08-24 18:21:27,713 - INFO - [SIM] SELL 476 BAJAJ-AUTO @ 8679.50
2025-08-24 18:21:27,821 - INFO - [SIM] SELL 428 BAJAJHFL @ 112.93
2025-08-24 18:21:27,930 - INFO - [SIM] SELL 556 BANKINDIA @ 115.46
2025-08-24 18:21:28,042 - INFO - [SIM] SELL 496 BAYERCROP @ 5519.00
2025-08-24 18:21:28,158 - INFO - [SIM] SELL 459 BIKAJI @ 770.15
2025-08-24 18:21:28,297 - INFO - [SIM] SELL 445 BIOCON @ 359.50
2025-08-24 18:21:28,411 - INFO - [SIM] SELL 435 CAPLIPOINT @ 2168.10
2025-08-24 18:21:28,527 - INFO - [SIM] BUY 505 APLAPOLLO @ 1649.50
2025-08-24 18:21:28,638 - INFO - [SIM] BUY 526 AARTIIND @ 382.30
2025-08-24 18:21:28,762 - INFO - [SIM] BUY 457 ADANIGREEN @ 957.20
2025-08-24 18:21:28,883 - INFO - [SIM] BUY 485 ADANIPORTS @ 1341.20
2025-08-24 18:21:29,010 - INFO - [SIM] BUY 557 ATGL @ 617.75
2025-08-24 18:21:29,123 - INFO - [SIM] BUY 414 ABCAPITAL @ 286.35
2025-08-24 18:21:29,234 - INFO - [SIM] BUY 394 AFFLE @ 1948.40
2025-08-24 18:21:29,353 - INFO - [SIM] BUY 533 APLLTD @ 974.60
2025-08-24 18:21:29,482 - INFO - [SIM] BUY 546 ALIVUS @ 969.70
2025-08-24 18:21:29,789 - INFO - [SIM] BUY 414 ALKYLAMINE @ 2150.80
2025-08-24 18:21:29,894 - INFO - [SIM] BUY 409 ARE&M @ 987.75
2025-08-24 18:21:30,017 - INFO - [SIM] BUY 543 AMBUJACEM @ 577.15
2025-08-24 18:21:30,133 - INFO - [SIM] BUY 471 ANANDRATHI @ 2806.20
2025-08-24 18:21:30,242 - INFO - [SIM] BUY 493 ANGELONE @ 2518.60
2025-08-24 18:21:30,778 - INFO - [SIM] BUY 384 APTUS @ 345.95
2025-08-24 18:21:30,885 - INFO - [SIM] BUY 356 ASTRAZEN @ 8433.00
2025-08-24 18:21:30,992 - INFO - [SIM] BUY 425 BLS @ 368.15
2025-08-24 18:21:31,102 - INFO - [SIM] BUY 427 BAJAJFINSV @ 1965.90
2025-08-24 18:21:31,204 - INFO - [SIM] BUY 441 MAHABANK @ 54.80
2025-08-24 18:21:31,306 - INFO - [SIM] BUY 436 BHARTIARTL @ 1933.30
2025-08-24 18:21:31,407 - INFO - [SIM] BUY 442 CANFINHOME @ 769.75
2025-08-24 18:21:31,509 - INFO - [SIM] BUY 455 CANBK @ 109.93
2025-08-24 18:21:31,612 - INFO - [SIM] SELL 531 ADANIPOWER @ 594.30
2025-08-24 18:21:31,714 - INFO - [SIM] SELL 550 BAJFINANCE @ 894.50
2025-08-24 18:21:31,816 - INFO - [SIM] SELL 468 BALRAMCHIN @ 584.85
2025-08-24 18:21:31,918 - INFO - [SIM] SELL 573 ABB @ 5063.00
2025-08-24 18:21:32,033 - INFO - [SIM] SELL 492 ACC @ 1821.10
2025-08-24 18:21:32,150 - INFO - [SIM] SELL 449 AAVAS @ 1650.00
2025-08-24 18:21:32,268 - INFO - [SIM] SELL 446 AMBER @ 7260.50
2025-08-24 18:21:32,386 - INFO - [SIM] SELL 451 BASF @ 4601.80
2025-08-24 18:21:32,502 - INFO - [SIM] SELL 367 BATAINDIA @ 1104.80
2025-08-24 18:21:32,604 - INFO - [SIM] SELL 455 MAPMYINDIA @ 1729.60
2025-08-24 18:21:32,706 - INFO - [SIM] SELL 505 APLAPOLLO @ 1649.50
2025-08-24 18:21:32,837 - INFO - [SIM] SELL 457 ADANIGREEN @ 957.20
2025-08-24 18:21:32,950 - INFO - [SIM] SELL 414 ABCAPITAL @ 286.35
2025-08-24 18:21:33,060 - INFO - [SIM] SELL 394 AFFLE @ 1948.40
2025-08-24 18:21:33,167 - INFO - [SIM] SELL 546 ALIVUS @ 969.70
2025-08-24 18:21:33,275 - INFO - [SIM] SELL 414 ALKYLAMINE @ 2150.80
2025-08-24 18:21:33,387 - INFO - [SIM] SELL 409 ARE&M @ 987.75
2025-08-24 18:21:33,498 - INFO - [SIM] SELL 493 ANGELONE @ 2518.60
2025-08-24 18:21:33,605 - INFO - [SIM] SELL 384 APTUS @ 345.95
2025-08-24 18:21:33,713 - INFO - [SIM] SELL 356 ASTRAZEN @ 8433.00
2025-08-24 18:21:33,829 - INFO - [SIM] SELL 425 BLS @ 368.15
2025-08-24 18:21:33,936 - INFO - [SIM] SELL 441 MAHABANK @ 54.80
2025-08-24 18:21:34,046 - INFO - [SIM] SELL 436 BHARTIARTL @ 1933.30
2025-08-24 18:21:34,159 - INFO - [SIM] SELL 442 CANFINHOME @ 769.75
2025-08-24 18:21:34,285 - INFO - [SIM] BUY 399 360ONE @ 100.00
2025-08-24 18:21:34,406 - INFO - [SIM] BUY 412 ABB @ 5063.00
2025-08-24 18:21:34,513 - INFO - [SIM] BUY 471 ACC @ 1821.10
2025-08-24 18:21:34,621 - INFO - [SIM] BUY 440 ACMESOLAR @ 290.80
2025-08-24 18:21:34,889 - INFO - [SIM] BUY 433 AADHARHFC @ 521.85
2025-08-24 18:21:35,000 - INFO - [SIM] BUY 515 ADANIENT @ 2324.90
2025-08-24 18:21:35,108 - INFO - [SIM] BUY 501 ABSLAMC @ 882.20
2025-08-24 18:21:35,215 - INFO - [SIM] BUY 518 AJANTPHARM @ 2638.50
2025-08-24 18:21:35,327 - INFO - [SIM] BUY 505 ARE&M @ 987.75
2025-08-24 18:21:35,436 - INFO - [SIM] BUY 464 ANANTRAJ @ 547.10
2025-08-24 18:21:35,554 - INFO - [SIM] BUY 661 ASAHIINDIA @ 882.85
2025-08-24 18:21:35,851 - INFO - [SIM] BUY 514 ASIANPAINT @ 2504.50
2025-08-24 18:21:35,957 - INFO - [SIM] BUY 447 BANKBARODA @ 240.23
2025-08-24 18:21:36,090 - INFO - [SIM] BUY 469 BDL @ 1517.60
2025-08-24 18:21:36,205 - INFO - [SIM] BUY 539 BPCL @ 316.45
2025-08-24 18:21:36,318 - INFO - [SIM] BUY 710 CGPOWER @ 679.85
2025-08-24 18:21:36,423 - INFO - [SIM] SELL 436 AFCONS @ 430.95
2025-08-24 18:21:36,524 - INFO - [SIM] SELL 414 FIRSTCRY @ 383.80
2025-08-24 18:21:36,625 - INFO - [SIM] SELL 526 AARTIIND @ 382.30
2025-08-24 18:21:36,726 - INFO - [SIM] SELL 485 ADANIPORTS @ 1341.20
2025-08-24 18:21:36,828 - INFO - [SIM] SELL 557 ATGL @ 617.75
2025-08-24 18:21:36,929 - INFO - [SIM] SELL 533 APLLTD @ 974.60
2025-08-24 18:21:37,031 - INFO - [SIM] SELL 543 AMBUJACEM @ 577.15
2025-08-24 18:21:37,133 - INFO - [SIM] SELL 471 ANANDRATHI @ 2806.20
2025-08-24 18:21:37,234 - INFO - [SIM] SELL 455 CANBK @ 109.93
2025-08-24 18:21:37,336 - INFO - [SIM] SELL 399 360ONE @ 100.00
2025-08-24 18:21:37,441 - INFO - [SIM] SELL 471 ACC @ 1821.10
2025-08-24 18:21:37,549 - INFO - [SIM] SELL 440 ACMESOLAR @ 290.80
2025-08-24 18:21:37,654 - INFO - [SIM] SELL 515 ADANIENT @ 2324.90
2025-08-24 18:21:37,758 - INFO - [SIM] SELL 501 ABSLAMC @ 882.20
2025-08-24 18:21:37,869 - INFO - [SIM] SELL 518 AJANTPHARM @ 2638.50
2025-08-24 18:21:37,976 - INFO - [SIM] SELL 505 ARE&M @ 987.75
2025-08-24 18:21:38,082 - INFO - [SIM] SELL 464 ANANTRAJ @ 547.10
2025-08-24 18:21:38,190 - INFO - [SIM] SELL 661 ASAHIINDIA @ 882.85
2025-08-24 18:21:38,298 - INFO - [SIM] SELL 514 ASIANPAINT @ 2504.50
2025-08-24 18:21:38,403 - INFO - [SIM] SELL 447 BANKBARODA @ 240.23
2025-08-24 18:21:38,516 - INFO - [SIM] SELL 539 BPCL @ 316.45
2025-08-24 18:21:38,624 - INFO - [SIM] SELL 710 CGPOWER @ 679.85
2025-08-24 18:21:38,732 - INFO - [SIM] BUY 501 ABBOTINDIA @ 31875.00
2025-08-24 18:21:38,842 - INFO - [SIM] BUY 569 ADANIENSOL @ 800.15
2025-08-24 18:21:38,949 - INFO - [SIM] BUY 568 ADANIENT @ 2324.90
2025-08-24 18:21:39,059 - INFO - [SIM] BUY 466 ADANIPOWER @ 594.30
2025-08-24 18:21:39,164 - INFO - [SIM] BUY 525 ABFRL @ 81.25
2025-08-24 18:21:39,281 - INFO - [SIM] BUY 503 AJANTPHARM @ 2638.50
2025-08-24 18:21:39,393 - INFO - [SIM] BUY 422 AKUMS @ 480.05
2025-08-24 18:21:39,528 - INFO - [SIM] BUY 442 ALKEM @ 5426.00
2025-08-24 18:21:39,654 - INFO - [SIM] BUY 640 ALKYLAMINE @ 2150.80
2025-08-24 18:21:39,758 - INFO - [SIM] BUY 580 ALOKINDS @ 18.19
2025-08-24 18:21:39,865 - INFO - [SIM] BUY 524 ARE&M @ 987.75
2025-08-24 18:21:39,972 - INFO - [SIM] BUY 483 ANANTRAJ @ 547.10
2025-08-24 18:21:40,085 - INFO - [SIM] BUY 459 APOLLOHOSP @ 7922.50
2025-08-24 18:21:40,201 - INFO - [SIM] BUY 614 ASIANPAINT @ 2504.50
2025-08-24 18:21:40,508 - INFO - [SIM] BUY 446 AUROPHARMA @ 1050.40
2025-08-24 18:21:40,613 - INFO - [SIM] BUY 466 DMART @ 4698.80
2025-08-24 18:21:40,734 - INFO - [SIM] BUY 501 AXISBANK @ 1070.90
2025-08-24 18:21:40,850 - INFO - [SIM] BUY 686 BAJFINANCE @ 894.50
2025-08-24 18:21:40,967 - INFO - [SIM] BUY 390 BANKINDIA @ 115.46
2025-08-24 18:21:41,083 - INFO - [SIM] BUY 411 BERGEPAINT @ 527.00
2025-08-24 18:21:41,203 - INFO - [SIM] BUY 392 BHARATFORG @ 1123.00
2025-08-24 18:21:41,308 - INFO - [SIM] BUY 543 BLUESTARCO @ 1920.00
2025-08-24 18:21:41,428 - INFO - [SIM] BUY 504 MAPMYINDIA @ 1729.60
2025-08-24 18:21:41,540 - INFO - [SIM] BUY 508 CAPLIPOINT @ 2168.10
2025-08-24 18:21:41,641 - INFO - [SIM] SELL 427 BAJAJFINSV @ 1965.90
2025-08-24 18:21:41,743 - INFO - [SIM] SELL 412 ABB @ 5063.00
2025-08-24 18:21:41,845 - INFO - [SIM] SELL 433 AADHARHFC @ 521.85
2025-08-24 18:21:41,947 - INFO - [SIM] SELL 501 ABBOTINDIA @ 31875.00
2025-08-24 18:21:42,048 - INFO - [SIM] SELL 442 ALKEM @ 5426.00
2025-08-24 18:21:42,150 - INFO - [SIM] SELL 640 ALKYLAMINE @ 2150.80
2025-08-24 18:21:42,253 - INFO - [SIM] SELL 580 ALOKINDS @ 18.19
2025-08-24 18:21:42,354 - INFO - [SIM] SELL 483 ANANTRAJ @ 547.10
2025-08-24 18:21:42,466 - INFO - [SIM] SELL 459 APOLLOHOSP @ 7922.50
2025-08-24 18:21:42,578 - INFO - [SIM] SELL 446 AUROPHARMA @ 1050.40
2025-08-24 18:21:42,681 - INFO - [SIM] SELL 466 DMART @ 4698.80
2025-08-24 18:21:42,786 - INFO - [SIM] SELL 501 AXISBANK @ 1070.90
2025-08-24 18:21:42,895 - INFO - [SIM] SELL 686 BAJFINANCE @ 894.50
2025-08-24 18:21:43,005 - INFO - [SIM] SELL 390 BANKINDIA @ 115.46
2025-08-24 18:21:43,119 - INFO - [SIM] SELL 543 BLUESTARCO @ 1920.00
2025-08-24 18:21:43,237 - INFO - [SIM] BUY 426 360ONE @ 100.00
2025-08-24 18:21:43,348 - INFO - [SIM] BUY 640 AIAENG @ 3107.70
2025-08-24 18:21:43,472 - INFO - [SIM] BUY 511 AADHARHFC @ 521.85
2025-08-24 18:21:43,578 - INFO - [SIM] BUY 489 ADANIPORTS @ 1341.20
2025-08-24 18:21:43,692 - INFO - [SIM] BUY 415 ABREL @ 1796.30
2025-08-24 18:21:43,808 - INFO - [SIM] BUY 426 ABSLAMC @ 882.20
2025-08-24 18:21:43,914 - INFO - [SIM] BUY 416 AEGISLOG @ 735.05
2025-08-24 18:21:44,040 - INFO - [SIM] BUY 706 ALKEM @ 5426.00
2025-08-24 18:21:44,152 - INFO - [SIM] BUY 574 ALKYLAMINE @ 2150.80
2025-08-24 18:21:44,790 - INFO - [SIM] BUY 433 APARINDS @ 8194.50
2025-08-24 18:21:44,894 - INFO - [SIM] BUY 490 DMART @ 4698.80
2025-08-24 18:21:45,011 - INFO - [SIM] BUY 453 BLS @ 368.15
2025-08-24 18:21:45,120 - INFO - [SIM] BUY 471 BAJFINANCE @ 894.50
2025-08-24 18:21:45,230 - INFO - [SIM] BUY 568 BALKRISIND @ 2396.10
2025-08-24 18:21:45,336 - INFO - [SIM] BUY 802 BANDHANBNK @ 173.23
2025-08-24 18:21:45,447 - INFO - [SIM] BUY 394 BEL @ 374.85
2025-08-24 18:21:45,564 - INFO - [SIM] BUY 469 BPCL @ 316.45
2025-08-24 18:21:45,680 - INFO - [SIM] BUY 477 BIOCON @ 359.50
2025-08-24 18:21:45,799 - INFO - [SIM] BUY 576 BSOFT @ 375.40
2025-08-24 18:21:45,909 - INFO - [SIM] BUY 614 BBTC @ 1825.80
2025-08-24 18:21:46,317 - INFO - [SIM] BUY 442 BRIGADE @ 962.50
2025-08-24 18:21:46,424 - INFO - [SIM] BUY 478 CESC @ 166.81
2025-08-24 18:21:46,536 - INFO - [SIM] BUY 559 CGPOWER @ 679.85
2025-08-24 18:21:46,649 - INFO - [SIM] BUY 492 CAMPUS @ 266.70
2025-08-24 18:21:46,759 - INFO - [SIM] SELL 469 BDL @ 1517.60
2025-08-24 18:21:46,870 - INFO - [SIM] SELL 568 ADANIENT @ 2324.90
2025-08-24 18:21:46,991 - INFO - [SIM] SELL 525 ABFRL @ 81.25
2025-08-24 18:21:47,112 - INFO - [SIM] SELL 503 AJANTPHARM @ 2638.50
2025-08-24 18:21:47,228 - INFO - [SIM] SELL 614 ASIANPAINT @ 2504.50
2025-08-24 18:21:47,338 - INFO - [SIM] SELL 392 BHARATFORG @ 1123.00
2025-08-24 18:21:47,445 - INFO - [SIM] SELL 504 MAPMYINDIA @ 1729.60
2025-08-24 18:21:47,549 - INFO - [SIM] SELL 508 CAPLIPOINT @ 2168.10
2025-08-24 18:21:47,650 - INFO - [SIM] SELL 426 360ONE @ 100.00
2025-08-24 18:21:47,753 - INFO - [SIM] SELL 640 AIAENG @ 3107.70
2025-08-24 18:21:47,855 - INFO - [SIM] SELL 415 ABREL @ 1796.30
2025-08-24 18:21:47,957 - INFO - [SIM] SELL 706 ALKEM @ 5426.00
2025-08-24 18:21:48,059 - INFO - [SIM] SELL 433 APARINDS @ 8194.50
2025-08-24 18:21:48,161 - INFO - [SIM] SELL 653 ASTRAL @ 1425.10
2025-08-24 18:21:48,286 - INFO - [SIM] SELL 490 DMART @ 4698.80
2025-08-24 18:21:48,388 - INFO - [SIM] SELL 453 BLS @ 368.15
2025-08-24 18:21:48,491 - INFO - [SIM] SELL 471 BAJFINANCE @ 894.50
2025-08-24 18:21:48,607 - INFO - [SIM] SELL 802 BANDHANBNK @ 173.23
2025-08-24 18:21:48,732 - INFO - [SIM] SELL 394 BEL @ 374.85
2025-08-24 18:21:48,849 - INFO - [SIM] SELL 469 BPCL @ 316.45
2025-08-24 18:21:48,953 - INFO - [SIM] SELL 477 BIOCON @ 359.50
2025-08-24 18:21:49,066 - INFO - [SIM] SELL 576 BSOFT @ 375.40
2025-08-24 18:21:49,174 - INFO - [SIM] SELL 614 BBTC @ 1825.80
2025-08-24 18:21:49,282 - INFO - [SIM] SELL 442 BRIGADE @ 962.50
2025-08-24 18:21:49,385 - INFO - [SIM] SELL 478 CESC @ 166.81
2025-08-24 18:21:49,486 - INFO - [SIM] SELL 559 CGPOWER @ 679.85
2025-08-24 18:21:49,605 - INFO - [SIM] SELL 492 CAMPUS @ 266.70
2025-08-24 18:21:49,711 - INFO - [SIM] BUY 434 ABB @ 5063.00
2025-08-24 18:21:49,820 - INFO - [SIM] BUY 399 AARTIIND @ 382.30
2025-08-24 18:21:49,938 - INFO - [SIM] BUY 463 ABBOTINDIA @ 31875.00
2025-08-24 18:21:50,040 - INFO - [SIM] BUY 562 ADANIGREEN @ 957.20
2025-08-24 18:21:50,151 - INFO - [SIM] BUY 566 ATGL @ 617.75
2025-08-24 18:21:50,260 - INFO - [SIM] BUY 486 APLLTD @ 974.60
2025-08-24 18:21:50,378 - INFO - [SIM] BUY 505 AMBUJACEM @ 577.15
2025-08-24 18:21:50,493 - INFO - [SIM] BUY 354 APOLLOHOSP @ 7922.50
2025-08-24 18:21:50,604 - INFO - [SIM] BUY 496 APOLLOTYRE @ 465.75
2025-08-24 18:21:50,723 - INFO - [SIM] BUY 551 ASTRAZEN @ 8433.00
2025-08-24 18:21:50,838 - INFO - [SIM] BUY 474 ASTRAL @ 1425.10
2025-08-24 18:21:50,953 - INFO - [SIM] BUY 409 AUROPHARMA @ 1050.40
2025-08-24 18:21:51,083 - INFO - [SIM] BUY 483 BLS @ 368.15
2025-08-24 18:21:51,197 - INFO - [SIM] BUY 545 BAJAJHFL @ 112.93
2025-08-24 18:21:51,305 - INFO - [SIM] BUY 522 BALRAMCHIN @ 584.85
2025-08-24 18:21:51,419 - INFO - [SIM] BUY 525 BHARATFORG @ 1123.00
2025-08-24 18:21:51,525 - INFO - [SIM] BUY 428 BHARTIHEXA @ 1859.60
2025-08-24 18:21:51,645 - INFO - [SIM] BUY 529 BIOCON @ 359.50
2025-08-24 18:21:51,756 - INFO - [SIM] BUY 496 BBTC @ 1825.80
2025-08-24 18:21:51,870 - INFO - [SIM] BUY 478 CCL @ 882.55
2025-08-24 18:21:51,978 - INFO - [SIM] BUY 470 CGPOWER @ 679.85
2025-08-24 18:21:52,093 - INFO - [SIM] BUY 476 CRISIL @ 5313.00
2025-08-24 18:21:52,202 - INFO - [SIM] BUY 460 CAMPUS @ 266.70
2025-08-24 18:21:52,336 - INFO - [SIM] BUY 459 CGCL @ 187.96
2025-08-24 18:21:52,446 - INFO - [SIM] SELL 569 ADANIENSOL @ 800.15
2025-08-24 18:21:52,556 - INFO - [SIM] SELL 466 ADANIPOWER @ 594.30
2025-08-24 18:21:52,665 - INFO - [SIM] SELL 422 AKUMS @ 480.05
2025-08-24 18:21:52,767 - INFO - [SIM] SELL 524 ARE&M @ 987.75
2025-08-24 18:21:52,869 - INFO - [SIM] SELL 411 BERGEPAINT @ 527.00
2025-08-24 18:21:52,971 - INFO - [SIM] SELL 511 AADHARHFC @ 521.85
2025-08-24 18:21:53,073 - INFO - [SIM] SELL 426 ABSLAMC @ 882.20
2025-08-24 18:21:53,174 - INFO - [SIM] SELL 416 AEGISLOG @ 735.05
2025-08-24 18:21:53,276 - INFO - [SIM] SELL 574 ALKYLAMINE @ 2150.80
2025-08-24 18:21:53,378 - INFO - [SIM] SELL 568 BALKRISIND @ 2396.10
2025-08-24 18:21:53,479 - INFO - [SIM] SELL 434 ABB @ 5063.00
2025-08-24 18:21:53,587 - INFO - [SIM] SELL 399 AARTIIND @ 382.30
2025-08-24 18:21:53,708 - INFO - [SIM] SELL 463 ABBOTINDIA @ 31875.00
2025-08-24 18:21:53,822 - INFO - [SIM] SELL 562 ADANIGREEN @ 957.20
2025-08-24 18:21:53,940 - INFO - [SIM] SELL 566 ATGL @ 617.75
2025-08-24 18:21:54,048 - INFO - [SIM] SELL 486 APLLTD @ 974.60
2025-08-24 18:21:54,184 - INFO - [SIM] SELL 474 ASTRAL @ 1425.10
2025-08-24 18:21:54,297 - INFO - [SIM] SELL 409 AUROPHARMA @ 1050.40
2025-08-24 18:21:54,405 - INFO - [SIM] SELL 483 BLS @ 368.15
2025-08-24 18:21:54,524 - INFO - [SIM] SELL 522 BALRAMCHIN @ 584.85
2025-08-24 18:21:54,636 - INFO - [SIM] SELL 525 BHARATFORG @ 1123.00
2025-08-24 18:21:54,758 - INFO - [SIM] SELL 428 BHARTIHEXA @ 1859.60
2025-08-24 18:21:54,871 - INFO - [SIM] SELL 496 BBTC @ 1825.80
2025-08-24 18:21:54,987 - INFO - [SIM] SELL 478 CCL @ 882.55
2025-08-24 18:21:55,098 - INFO - [SIM] SELL 476 CRISIL @ 5313.00
2025-08-24 18:21:55,211 - INFO - [SIM] SELL 460 CAMPUS @ 266.70
2025-08-24 18:21:55,317 - INFO - [SIM] SELL 459 CGCL @ 187.96
2025-08-24 18:21:55,435 - INFO - [SIM] BUY 461 360ONE @ 100.00
2025-08-24 18:21:55,547 - INFO - [SIM] BUY 447 ACE @ 985.40
2025-08-24 18:21:55,662 - INFO - [SIM] BUY 425 ADANIENSOL @ 800.15
2025-08-24 18:21:55,776 - INFO - [SIM] BUY 413 ABSLAMC @ 882.20
2025-08-24 18:21:55,883 - INFO - [SIM] BUY 489 AEGISLOG @ 735.05
2025-08-24 18:21:55,998 - INFO - [SIM] BUY 474 AJANTPHARM @ 2638.50
2025-08-24 18:21:56,107 - INFO - [SIM] BUY 391 AKUMS @ 480.05
2025-08-24 18:21:56,223 - INFO - [SIM] BUY 466 ALIVUS @ 969.70
2025-08-24 18:21:56,339 - INFO - [SIM] BUY 497 ALOKINDS @ 18.19
2025-08-24 18:21:56,467 - INFO - [SIM] BUY 430 AMBER @ 7260.50
2025-08-24 18:21:56,585 - INFO - [SIM] BUY 403 ANANTRAJ @ 547.10
2025-08-24 18:21:56,702 - INFO - [SIM] BUY 461 APARINDS @ 8194.50
2025-08-24 18:21:56,815 - INFO - [SIM] BUY 496 AIIL @ 2983.10
2025-08-24 18:21:56,922 - INFO - [SIM] BUY 570 DMART @ 4698.80
2025-08-24 18:21:57,038 - INFO - [SIM] BUY 469 BASF @ 4601.80
2025-08-24 18:21:57,149 - INFO - [SIM] BUY 404 BEML @ 4033.80
2025-08-24 18:21:57,260 - INFO - [SIM] BUY 547 BALKRISIND @ 2396.10
2025-08-24 18:21:57,386 - INFO - [SIM] BUY 519 BANKINDIA @ 115.46
2025-08-24 18:21:57,498 - INFO - [SIM] BUY 545 BERGEPAINT @ 527.00
2025-08-24 18:21:57,600 - INFO - [SIM] BUY 486 BHARATFORG @ 1123.00
2025-08-24 18:21:57,871 - INFO - [SIM] BUY 469 BLUEDART @ 5814.50
2025-08-24 18:21:57,972 - INFO - [SIM] BUY 602 BBTC @ 1825.80
2025-08-24 18:21:58,073 - INFO - [SIM] BUY 447 BRITANNIA @ 5545.50
2025-08-24 18:21:58,175 - INFO - [SIM] BUY 480 CAPLIPOINT @ 2168.10
2025-08-24 18:21:58,276 - INFO - [SIM] SELL 489 ADANIPORTS @ 1341.20
2025-08-24 18:21:58,378 - INFO - [SIM] SELL 505 AMBUJACEM @ 577.15
2025-08-24 18:21:58,478 - INFO - [SIM] SELL 354 APOLLOHOSP @ 7922.50
2025-08-24 18:21:58,580 - INFO - [SIM] SELL 551 ASTRAZEN @ 8433.00
2025-08-24 18:21:58,681 - INFO - [SIM] SELL 545 BAJAJHFL @ 112.93
2025-08-24 18:21:58,784 - INFO - [SIM] SELL 529 BIOCON @ 359.50
2025-08-24 18:21:58,886 - INFO - [SIM] SELL 470 CGPOWER @ 679.85
2025-08-24 18:21:58,989 - INFO - [SIM] SELL 447 ACE @ 985.40
2025-08-24 18:21:59,090 - INFO - [SIM] SELL 425 ADANIENSOL @ 800.15
2025-08-24 18:21:59,192 - INFO - [SIM] SELL 413 ABSLAMC @ 882.20
2025-08-24 18:21:59,294 - INFO - [SIM] SELL 489 AEGISLOG @ 735.05
2025-08-24 18:21:59,395 - INFO - [SIM] SELL 474 AJANTPHARM @ 2638.50
2025-08-24 18:21:59,498 - INFO - [SIM] SELL 466 ALIVUS @ 969.70
2025-08-24 18:21:59,610 - INFO - [SIM] SELL 497 ALOKINDS @ 18.19
2025-08-24 18:21:59,725 - INFO - [SIM] SELL 570 DMART @ 4698.80
2025-08-24 18:21:59,846 - INFO - [SIM] SELL 469 BASF @ 4601.80
2025-08-24 18:21:59,975 - INFO - [SIM] SELL 404 BEML @ 4033.80
2025-08-24 18:22:00,082 - INFO - [SIM] SELL 547 BALKRISIND @ 2396.10
2025-08-24 18:22:00,203 - INFO - [SIM] SELL 519 BANKINDIA @ 115.46
2025-08-24 18:22:00,313 - INFO - [SIM] SELL 545 BERGEPAINT @ 527.00
2025-08-24 18:22:00,421 - INFO - [SIM] SELL 486 BHARATFORG @ 1123.00
2025-08-24 18:22:00,530 - INFO - [SIM] SELL 602 BBTC @ 1825.80
2025-08-24 18:22:00,647 - INFO - [SIM] SELL 447 BRITANNIA @ 5545.50
2025-08-24 18:22:00,753 - INFO - [SIM] BUY 479 APLAPOLLO @ 1649.50
2025-08-24 18:22:00,886 - INFO - [SIM] BUY 444 AWL @ 258.40
2025-08-24 18:22:01,002 - INFO - [SIM] BUY 502 AARTIIND @ 382.30
2025-08-24 18:22:01,111 - INFO - [SIM] BUY 450 ABBOTINDIA @ 31875.00
2025-08-24 18:22:01,227 - INFO - [SIM] BUY 495 ABFRL @ 81.25
2025-08-24 18:22:01,349 - INFO - [SIM] BUY 432 ABREL @ 1796.30
2025-08-24 18:22:01,469 - INFO - [SIM] BUY 538 AJANTPHARM @ 2638.50
2025-08-24 18:22:01,583 - INFO - [SIM] BUY 524 ALKEM @ 5426.00
2025-08-24 18:22:01,687 - INFO - [SIM] BUY 466 BASF @ 4601.80
2025-08-24 18:22:01,788 - INFO - [SIM] BUY 450 BEML @ 4033.80
2025-08-24 18:22:01,889 - INFO - [SIM] BUY 358 BLS @ 368.15
2025-08-24 18:22:01,991 - INFO - [SIM] BUY 450 BSE @ 2332.80
2025-08-24 18:22:02,092 - INFO - [SIM] BUY 467 BAJAJ-AUTO @ 8679.50
2025-08-24 18:22:02,194 - INFO - [SIM] BUY 479 BAJFINANCE @ 894.50
2025-08-24 18:22:02,295 - INFO - [SIM] BUY 543 BAYERCROP @ 5519.00
2025-08-24 18:22:02,396 - INFO - [SIM] BUY 358 BDL @ 1517.60
2025-08-24 18:22:02,498 - INFO - [SIM] BUY 512 BHARATFORG @ 1123.00
2025-08-24 18:22:02,599 - INFO - [SIM] BUY 586 BHARTIARTL @ 1933.30
2025-08-24 18:22:02,702 - INFO - [SIM] BUY 437 BHARTIHEXA @ 1859.60
2025-08-24 18:22:02,804 - INFO - [SIM] BUY 448 BBTC @ 1825.80
2025-08-24 18:22:02,905 - INFO - [SIM] BUY 447 BRIGADE @ 962.50
2025-08-24 18:22:03,007 - INFO - [SIM] BUY 533 BRITANNIA @ 5545.50
2025-08-24 18:22:03,109 - INFO - [SIM] BUY 492 CESC @ 166.81
2025-08-24 18:22:03,211 - INFO - [SIM] BUY 439 CRISIL @ 5313.00
2025-08-24 18:22:03,312 - INFO - [SIM] SELL 496 APOLLOTYRE @ 465.75
2025-08-24 18:22:03,414 - INFO - [SIM] SELL 461 360ONE @ 100.00
2025-08-24 18:22:03,516 - INFO - [SIM] SELL 430 AMBER @ 7260.50
2025-08-24 18:22:03,618 - INFO - [SIM] SELL 403 ANANTRAJ @ 547.10
2025-08-24 18:22:03,720 - INFO - [SIM] SELL 461 APARINDS @ 8194.50
2025-08-24 18:22:03,822 - INFO - [SIM] SELL 496 AIIL @ 2983.10
2025-08-24 18:22:03,924 - INFO - [SIM] SELL 469 BLUEDART @ 5814.50
2025-08-24 18:22:04,026 - INFO - [SIM] SELL 480 CAPLIPOINT @ 2168.10
2025-08-24 18:22:04,128 - INFO - [SIM] SELL 479 APLAPOLLO @ 1649.50
2025-08-24 18:22:04,230 - INFO - [SIM] SELL 502 AARTIIND @ 382.30
2025-08-24 18:22:04,332 - INFO - [SIM] SELL 432 ABREL @ 1796.30
2025-08-24 18:22:04,434 - INFO - [SIM] SELL 538 AJANTPHARM @ 2638.50
2025-08-24 18:22:04,536 - INFO - [SIM] SELL 450 BEML @ 4033.80
2025-08-24 18:22:04,638 - INFO - [SIM] SELL 450 BSE @ 2332.80
2025-08-24 18:22:04,742 - INFO - [SIM] SELL 467 BAJAJ-AUTO @ 8679.50
2025-08-24 18:22:04,872 - INFO - [SIM] SELL 479 BAJFINANCE @ 894.50
2025-08-24 18:22:05,007 - INFO - [SIM] SELL 543 BAYERCROP @ 5519.00
2025-08-24 18:22:05,125 - INFO - [SIM] SELL 586 BHARTIARTL @ 1933.30
2025-08-24 18:22:05,238 - INFO - [SIM] SELL 437 BHARTIHEXA @ 1859.60
2025-08-24 18:22:05,390 - INFO - [SIM] SELL 448 BBTC @ 1825.80
2025-08-24 18:22:05,505 - INFO - [SIM] SELL 447 BRIGADE @ 962.50
2025-08-24 18:22:05,613 - INFO - [SIM] SELL 439 CRISIL @ 5313.00
2025-08-24 18:22:06,156 - INFO - [SIM] BUY 448 AUBANK @ 742.05
2025-08-24 18:22:06,303 - INFO - [SIM] BUY 506 AAVAS @ 1650.00
2025-08-24 18:22:06,414 - INFO - [SIM] BUY 634 ADANIENT @ 2324.90
2025-08-24 18:22:06,531 - INFO - [SIM] BUY 471 ADANIPOWER @ 594.30
2025-08-24 18:22:06,642 - INFO - [SIM] BUY 442 ABREL @ 1796.30
2025-08-24 18:22:06,755 - INFO - [SIM] BUY 456 AJANTPHARM @ 2638.50
2025-08-24 18:22:06,871 - INFO - [SIM] BUY 466 APLLTD @ 974.60
2025-08-24 18:22:06,982 - INFO - [SIM] BUY 466 ALIVUS @ 969.70
2025-08-24 18:22:07,090 - INFO - [SIM] BUY 511 ALOKINDS @ 18.19
2025-08-24 18:22:07,222 - INFO - [SIM] BUY 464 ANGELONE @ 2518.60
2025-08-24 18:22:07,338 - INFO - [SIM] BUY 548 APARINDS @ 8194.50
2025-08-24 18:22:07,443 - INFO - [SIM] BUY 449 APOLLOHOSP @ 7922.50
2025-08-24 18:22:07,544 - INFO - [SIM] BUY 504 APTUS @ 345.95
2025-08-24 18:22:07,646 - INFO - [SIM] BUY 478 ASIANPAINT @ 2504.50
2025-08-24 18:22:07,747 - INFO - [SIM] BUY 552 ASTRAZEN @ 8433.00
2025-08-24 18:22:07,849 - INFO - [SIM] BUY 463 ATUL @ 6497.50
2025-08-24 18:22:07,950 - INFO - [SIM] BUY 568 AUROPHARMA @ 1050.40
2025-08-24 18:22:08,051 - INFO - [SIM] BUY 433 BAJFINANCE @ 894.50
2025-08-24 18:22:08,154 - INFO - [SIM] BUY 519 BHEL @ 218.59
2025-08-24 18:22:08,255 - INFO - [SIM] BUY 575 BPCL @ 316.45
2025-08-24 18:22:08,357 - INFO - [SIM] SELL 444 AWL @ 258.40
2025-08-24 18:22:08,458 - INFO - [SIM] SELL 450 ABBOTINDIA @ 31875.00
2025-08-24 18:22:08,561 - INFO - [SIM] SELL 495 ABFRL @ 81.25
2025-08-24 18:22:08,663 - INFO - [SIM] SELL 524 ALKEM @ 5426.00
2025-08-24 18:22:08,765 - INFO - [SIM] SELL 466 BASF @ 4601.80
2025-08-24 18:22:08,866 - INFO - [SIM] SELL 358 BLS @ 368.15
2025-08-24 18:22:08,967 - INFO - [SIM] SELL 512 BHARATFORG @ 1123.00
2025-08-24 18:22:09,069 - INFO - [SIM] SELL 533 BRITANNIA @ 5545.50
2025-08-24 18:22:09,170 - INFO - [SIM] SELL 492 CESC @ 166.81
2025-08-24 18:22:09,271 - INFO - [SIM] SELL 448 AUBANK @ 742.05
2025-08-24 18:22:09,373 - INFO - [SIM] SELL 471 ADANIPOWER @ 594.30
2025-08-24 18:22:09,474 - INFO - [SIM] SELL 442 ABREL @ 1796.30
2025-08-24 18:22:09,576 - INFO - [SIM] SELL 456 AJANTPHARM @ 2638.50
2025-08-24 18:22:09,678 - INFO - [SIM] SELL 466 APLLTD @ 974.60
2025-08-24 18:22:09,780 - INFO - [SIM] SELL 466 ALIVUS @ 969.70
2025-08-24 18:22:09,881 - INFO - [SIM] SELL 511 ALOKINDS @ 18.19
2025-08-24 18:22:09,983 - INFO - [SIM] SELL 464 ANGELONE @ 2518.60
2025-08-24 18:22:10,084 - INFO - [SIM] SELL 548 APARINDS @ 8194.50
2025-08-24 18:22:10,185 - INFO - [SIM] SELL 504 APTUS @ 345.95
2025-08-24 18:22:10,286 - INFO - [SIM] SELL 552 ASTRAZEN @ 8433.00
2025-08-24 18:22:10,387 - INFO - [SIM] SELL 463 ATUL @ 6497.50
2025-08-24 18:22:10,491 - INFO - [SIM] SELL 568 AUROPHARMA @ 1050.40
2025-08-24 18:22:10,596 - INFO - [SIM] SELL 433 BAJFINANCE @ 894.50
2025-08-24 18:22:10,701 - INFO - [SIM] SELL 519 BHEL @ 218.59
2025-08-24 18:22:10,812 - INFO - [SIM] BUY 496 360ONE @ 100.00
2025-08-24 18:22:10,926 - INFO - [SIM] BUY 569 ABB @ 5063.00
2025-08-24 18:22:11,037 - INFO - [SIM] BUY 482 AWL @ 258.40
2025-08-24 18:22:11,144 - INFO - [SIM] BUY 490 ADANIPOWER @ 594.30
2025-08-24 18:22:11,257 - INFO - [SIM] BUY 537 ABREL @ 1796.30
2025-08-24 18:22:11,362 - INFO - [SIM] BUY 490 ABSLAMC @ 882.20
2025-08-24 18:22:11,468 - INFO - [SIM] BUY 473 ALIVUS @ 969.70
2025-08-24 18:22:11,573 - INFO - [SIM] BUY 444 ANGELONE @ 2518.60
2025-08-24 18:22:11,686 - INFO - [SIM] BUY 453 ASAHIINDIA @ 882.85
2025-08-24 18:22:11,789 - INFO - [SIM] BUY 529 ASHOKLEY @ 131.20
2025-08-24 18:22:11,896 - INFO - [SIM] BUY 503 ATUL @ 6497.50
2025-08-24 18:54:51,456 - INFO - SIM mode: skipping KiteTicker startup.
2025-08-24 18:55:34,757 - INFO - SIM mode: skipping KiteTicker startup.
2025-08-24 19:06:49,740 - INFO - SIM mode: skipping KiteTicker startup.
2025-08-24 19:11:11,515 - INFO - [SIM] BUY 1 SARDAEN @ 596.80
2025-08-24 19:11:12,377 - INFO - [SIM] BUY 1 TEJASNET @ 621.15
2025-08-24 19:11:13,095 - INFO - [SIM] BUY 1 CHOLAFIN @ 596.80
2025-08-24 19:11:13,678 - INFO - [SIM] BUY 1 PAYTM @ 1524.10
2025-08-24 19:11:13,971 - INFO - [SIM] BUY 8 SBFC @ 1264.60
2025-08-24 19:33:35,967 - INFO - KiteTicker thread started.
2025-08-24 19:33:36,120 - WARNING - No instrument tokens supplied; ticker connected but not subscribed.
2025-08-24 19:37:16,787 - INFO - KiteTicker thread started.
2025-08-24 19:37:16,861 - WARNING - No instrument tokens supplied; ticker connected but not subscribed.
2025-08-24 19:37:40,820 - INFO - KiteTicker thread started.
2025-08-24 19:37:40,892 - WARNING - No instrument tokens supplied; ticker connected but not subscribed.
2025-08-24 19:39:30,992 - INFO - [LIVE] Placing order: {'tradingsymbol': 'SARDAEN', 'exchange': 'NSE', 'transaction_type': 'BUY', 'quantity': 1, 'order_type': 'MARKET', 'product': 'CNC'}
2025-08-24 19:39:32,240 - ERROR - Order placement failed: Markets are closed right now. Use GTT for placing long standing orders instead. [Read more.](https://support.zerodha.com/category/trading-and-markets/gtt/articles/what-is-the-good-till-triggered-gtt-feature)
Traceback (most recent call last):
  File "C:\Users\shrut\Downloads\zerodha_trading_engine_modified\order_manager_old.py", line 261, in _live_trade
    resp = self.kite.place_order(variety=self.kite.VARIETY_REGULAR, **params)
  File "C:\Users\shrut\AppData\Local\Programs\Python\Python313\Lib\site-packages\kiteconnect\connect.py", line 361, in place_order
    return self._post("order.place",
           ~~~~~~~~~~^^^^^^^^^^^^^^^
                      url_args={"variety": variety},
                      ^^^^^^^^^^^^^^^^^^^^^^^^^^^^^^
                      params=params)["order_id"]
                      ^^^^^^^^^^^^^^
  File "C:\Users\shrut\AppData\Local\Programs\Python\Python313\Lib\site-packages\kiteconnect\connect.py", line 865, in _post
    return self._request(route, "POST", url_args=url_args, params=params, is_json=is_json, query_params=query_params)
           ~~~~~~~~~~~~~^^^^^^^^^^^^^^^^^^^^^^^^^^^^^^^^^^^^^^^^^^^^^^^^^^^^^^^^^^^^^^^^^^^^^^^^^^^^^^^^^^^^^^^^^^^^^
  File "C:\Users\shrut\AppData\Local\Programs\Python\Python313\Lib\site-packages\kiteconnect\connect.py", line 937, in _request
    raise exp(data["message"], code=r.status_code)
kiteconnect.exceptions.InputException: Markets are closed right now. Use GTT for placing long standing orders instead. [Read more.](https://support.zerodha.com/category/trading-and-markets/gtt/articles/what-is-the-good-till-triggered-gtt-feature)
2025-08-24 19:39:32,362 - INFO - [LIVE] Placing order: {'tradingsymbol': 'TEJASNET', 'exchange': 'NSE', 'transaction_type': 'BUY', 'quantity': 1, 'order_type': 'MARKET', 'product': 'CNC'}
2025-08-24 19:39:32,390 - ERROR - Order placement failed: Markets are closed right now. Use GTT for placing long standing orders instead. [Read more.](https://support.zerodha.com/category/trading-and-markets/gtt/articles/what-is-the-good-till-triggered-gtt-feature)
Traceback (most recent call last):
  File "C:\Users\shrut\Downloads\zerodha_trading_engine_modified\order_manager_old.py", line 261, in _live_trade
    resp = self.kite.place_order(variety=self.kite.VARIETY_REGULAR, **params)
  File "C:\Users\shrut\AppData\Local\Programs\Python\Python313\Lib\site-packages\kiteconnect\connect.py", line 361, in place_order
    return self._post("order.place",
           ~~~~~~~~~~^^^^^^^^^^^^^^^
                      url_args={"variety": variety},
                      ^^^^^^^^^^^^^^^^^^^^^^^^^^^^^^
                      params=params)["order_id"]
                      ^^^^^^^^^^^^^^
  File "C:\Users\shrut\AppData\Local\Programs\Python\Python313\Lib\site-packages\kiteconnect\connect.py", line 865, in _post
    return self._request(route, "POST", url_args=url_args, params=params, is_json=is_json, query_params=query_params)
           ~~~~~~~~~~~~~^^^^^^^^^^^^^^^^^^^^^^^^^^^^^^^^^^^^^^^^^^^^^^^^^^^^^^^^^^^^^^^^^^^^^^^^^^^^^^^^^^^^^^^^^^^^^
  File "C:\Users\shrut\AppData\Local\Programs\Python\Python313\Lib\site-packages\kiteconnect\connect.py", line 937, in _request
    raise exp(data["message"], code=r.status_code)
kiteconnect.exceptions.InputException: Markets are closed right now. Use GTT for placing long standing orders instead. [Read more.](https://support.zerodha.com/category/trading-and-markets/gtt/articles/what-is-the-good-till-triggered-gtt-feature)
2025-08-24 19:39:32,492 - INFO - [LIVE] Placing order: {'tradingsymbol': 'CHOLAFIN', 'exchange': 'NSE', 'transaction_type': 'BUY', 'quantity': 1, 'order_type': 'MARKET', 'product': 'CNC'}
2025-08-24 19:39:32,520 - ERROR - Order placement failed: Markets are closed right now. Use GTT for placing long standing orders instead. [Read more.](https://support.zerodha.com/category/trading-and-markets/gtt/articles/what-is-the-good-till-triggered-gtt-feature)
Traceback (most recent call last):
  File "C:\Users\shrut\Downloads\zerodha_trading_engine_modified\order_manager_old.py", line 261, in _live_trade
    resp = self.kite.place_order(variety=self.kite.VARIETY_REGULAR, **params)
  File "C:\Users\shrut\AppData\Local\Programs\Python\Python313\Lib\site-packages\kiteconnect\connect.py", line 361, in place_order
    return self._post("order.place",
           ~~~~~~~~~~^^^^^^^^^^^^^^^
                      url_args={"variety": variety},
                      ^^^^^^^^^^^^^^^^^^^^^^^^^^^^^^
                      params=params)["order_id"]
                      ^^^^^^^^^^^^^^
  File "C:\Users\shrut\AppData\Local\Programs\Python\Python313\Lib\site-packages\kiteconnect\connect.py", line 865, in _post
    return self._request(route, "POST", url_args=url_args, params=params, is_json=is_json, query_params=query_params)
           ~~~~~~~~~~~~~^^^^^^^^^^^^^^^^^^^^^^^^^^^^^^^^^^^^^^^^^^^^^^^^^^^^^^^^^^^^^^^^^^^^^^^^^^^^^^^^^^^^^^^^^^^^^
  File "C:\Users\shrut\AppData\Local\Programs\Python\Python313\Lib\site-packages\kiteconnect\connect.py", line 937, in _request
    raise exp(data["message"], code=r.status_code)
kiteconnect.exceptions.InputException: Markets are closed right now. Use GTT for placing long standing orders instead. [Read more.](https://support.zerodha.com/category/trading-and-markets/gtt/articles/what-is-the-good-till-triggered-gtt-feature)
2025-08-24 19:39:32,622 - INFO - [LIVE] Placing order: {'tradingsymbol': 'PAYTM', 'exchange': 'NSE', 'transaction_type': 'BUY', 'quantity': 1, 'order_type': 'MARKET', 'product': 'CNC'}
2025-08-24 19:39:32,659 - ERROR - Order placement failed: Markets are closed right now. Use GTT for placing long standing orders instead. [Read more.](https://support.zerodha.com/category/trading-and-markets/gtt/articles/what-is-the-good-till-triggered-gtt-feature)
Traceback (most recent call last):
  File "C:\Users\shrut\Downloads\zerodha_trading_engine_modified\order_manager_old.py", line 261, in _live_trade
    resp = self.kite.place_order(variety=self.kite.VARIETY_REGULAR, **params)
  File "C:\Users\shrut\AppData\Local\Programs\Python\Python313\Lib\site-packages\kiteconnect\connect.py", line 361, in place_order
    return self._post("order.place",
           ~~~~~~~~~~^^^^^^^^^^^^^^^
                      url_args={"variety": variety},
                      ^^^^^^^^^^^^^^^^^^^^^^^^^^^^^^
                      params=params)["order_id"]
                      ^^^^^^^^^^^^^^
  File "C:\Users\shrut\AppData\Local\Programs\Python\Python313\Lib\site-packages\kiteconnect\connect.py", line 865, in _post
    return self._request(route, "POST", url_args=url_args, params=params, is_json=is_json, query_params=query_params)
           ~~~~~~~~~~~~~^^^^^^^^^^^^^^^^^^^^^^^^^^^^^^^^^^^^^^^^^^^^^^^^^^^^^^^^^^^^^^^^^^^^^^^^^^^^^^^^^^^^^^^^^^^^^
  File "C:\Users\shrut\AppData\Local\Programs\Python\Python313\Lib\site-packages\kiteconnect\connect.py", line 937, in _request
    raise exp(data["message"], code=r.status_code)
kiteconnect.exceptions.InputException: Markets are closed right now. Use GTT for placing long standing orders instead. [Read more.](https://support.zerodha.com/category/trading-and-markets/gtt/articles/what-is-the-good-till-triggered-gtt-feature)
2025-08-24 19:39:32,762 - INFO - [LIVE] Placing order: {'tradingsymbol': 'SBFC', 'exchange': 'NSE', 'transaction_type': 'BUY', 'quantity': 8, 'order_type': 'MARKET', 'product': 'CNC'}
2025-08-24 19:39:32,793 - ERROR - Order placement failed: Markets are closed right now. Use GTT for placing long standing orders instead. [Read more.](https://support.zerodha.com/category/trading-and-markets/gtt/articles/what-is-the-good-till-triggered-gtt-feature)
Traceback (most recent call last):
  File "C:\Users\shrut\Downloads\zerodha_trading_engine_modified\order_manager_old.py", line 261, in _live_trade
    resp = self.kite.place_order(variety=self.kite.VARIETY_REGULAR, **params)
  File "C:\Users\shrut\AppData\Local\Programs\Python\Python313\Lib\site-packages\kiteconnect\connect.py", line 361, in place_order
    return self._post("order.place",
           ~~~~~~~~~~^^^^^^^^^^^^^^^
                      url_args={"variety": variety},
                      ^^^^^^^^^^^^^^^^^^^^^^^^^^^^^^
                      params=params)["order_id"]
                      ^^^^^^^^^^^^^^
  File "C:\Users\shrut\AppData\Local\Programs\Python\Python313\Lib\site-packages\kiteconnect\connect.py", line 865, in _post
    return self._request(route, "POST", url_args=url_args, params=params, is_json=is_json, query_params=query_params)
           ~~~~~~~~~~~~~^^^^^^^^^^^^^^^^^^^^^^^^^^^^^^^^^^^^^^^^^^^^^^^^^^^^^^^^^^^^^^^^^^^^^^^^^^^^^^^^^^^^^^^^^^^^^
  File "C:\Users\shrut\AppData\Local\Programs\Python\Python313\Lib\site-packages\kiteconnect\connect.py", line 937, in _request
    raise exp(data["message"], code=r.status_code)
kiteconnect.exceptions.InputException: Markets are closed right now. Use GTT for placing long standing orders instead. [Read more.](https://support.zerodha.com/category/trading-and-markets/gtt/articles/what-is-the-good-till-triggered-gtt-feature)
2025-08-24 19:48:06,632 - INFO - KiteTicker thread started.
2025-08-24 19:48:06,816 - WARNING - No instrument tokens supplied; ticker connected but not subscribed.
2025-08-24 19:56:22,506 - INFO - KiteTicker disabled by env/cfg; not starting.
2025-08-24 20:07:22,648 - INFO - KiteTicker disabled by env/cfg; not starting.
2025-08-24 20:14:25,609 - INFO - KiteTicker disabled by env/cfg; not starting.
2025-08-24 20:16:53,151 - INFO - KiteTicker disabled by env/cfg; not starting.
2025-08-24 20:23:24,456 - INFO - KiteTicker disabled by env/cfg; not starting.
2025-08-24 20:30:15,783 - INFO - KiteTicker disabled by env/cfg; not starting.
2025-08-24 20:32:13,132 - INFO - SIM mode: skipping KiteTicker startup.
2025-08-24 20:32:14,875 - INFO - [SIM] BUY 1 360ONE @ 1077.60
2025-08-24 20:32:18,699 - INFO - [SIM] SELL 1 360ONE @ 1077.60
2025-08-24 20:34:14,125 - INFO - SIM mode: skipping KiteTicker startup.
2025-08-24 20:34:15,875 - INFO - [SIM] BUY 1 360ONE @ 1077.60
2025-08-24 20:34:19,683 - INFO - [SIM] SELL 1 360ONE @ 1077.60
2025-08-24 20:34:47,479 - INFO - SIM mode: skipping KiteTicker startup.
2025-08-24 20:34:50,077 - INFO - [SIM] BUY 1 360ONE @ 1077.60
2025-08-24 20:34:53,076 - INFO - [SIM] SELL 1 360ONE @ 1077.60
2025-08-24 20:36:16,868 - INFO - KiteTicker disabled by env/cfg; not starting.
